{"C:\\Users\\breno\\OneDrive\\Área de Trabalho\\Area d Trabalho\\PROGAMÇÃO\\Desafio 2\\src\\app.ts": {"path":"C:\\Users\\breno\\OneDrive\\Área de Trabalho\\Area d Trabalho\\PROGAMÇÃO\\Desafio 2\\src\\app.ts","all":false,"statementMap":{"0":{"start":{"line":1,"column":0},"end":{"line":1,"column":67}},"1":{"start":{"line":2,"column":0},"end":{"line":2,"column":30}},"2":{"start":{"line":3,"column":0},"end":{"line":3,"column":28}},"3":{"start":{"line":4,"column":0},"end":{"line":4,"column":73}},"4":{"start":{"line":5,"column":0},"end":{"line":5,"column":34}},"5":{"start":{"line":6,"column":0},"end":{"line":6,"column":0}},"6":{"start":{"line":7,"column":0},"end":{"line":7,"column":16}},"7":{"start":{"line":8,"column":0},"end":{"line":8,"column":22}},"8":{"start":{"line":9,"column":0},"end":{"line":9,"column":65}},"9":{"start":{"line":10,"column":0},"end":{"line":10,"column":71}},"10":{"start":{"line":11,"column":0},"end":{"line":11,"column":12}},"11":{"start":{"line":12,"column":0},"end":{"line":12,"column":6}},"12":{"start":{"line":13,"column":0},"end":{"line":13,"column":24}},"13":{"start":{"line":14,"column":0},"end":{"line":14,"column":16}},"14":{"start":{"line":15,"column":0},"end":{"line":15,"column":0}},"15":{"start":{"line":16,"column":0},"end":{"line":16,"column":56}},"16":{"start":{"line":17,"column":0},"end":{"line":17,"column":43}},"17":{"start":{"line":18,"column":0},"end":{"line":18,"column":46}},"18":{"start":{"line":19,"column":0},"end":{"line":19,"column":22}},"19":{"start":{"line":20,"column":0},"end":{"line":20,"column":29}},"20":{"start":{"line":21,"column":0},"end":{"line":21,"column":7}},"21":{"start":{"line":22,"column":0},"end":{"line":22,"column":3}},"22":{"start":{"line":23,"column":0},"end":{"line":23,"column":41}},"23":{"start":{"line":24,"column":0},"end":{"line":24,"column":46}},"24":{"start":{"line":25,"column":0},"end":{"line":25,"column":22}},"25":{"start":{"line":26,"column":0},"end":{"line":26,"column":29}},"26":{"start":{"line":27,"column":0},"end":{"line":27,"column":7}},"27":{"start":{"line":28,"column":0},"end":{"line":28,"column":3}},"28":{"start":{"line":29,"column":0},"end":{"line":29,"column":31}},"29":{"start":{"line":30,"column":0},"end":{"line":30,"column":20}},"30":{"start":{"line":31,"column":0},"end":{"line":31,"column":30}},"31":{"start":{"line":32,"column":0},"end":{"line":32,"column":5}},"32":{"start":{"line":33,"column":0},"end":{"line":33,"column":3}},"33":{"start":{"line":34,"column":0},"end":{"line":34,"column":0}},"34":{"start":{"line":35,"column":0},"end":{"line":35,"column":15}}},"s":{"0":1,"1":1,"2":1,"3":1,"4":1,"5":1,"6":1,"7":1,"8":1,"9":1,"10":1,"11":1,"12":1,"13":1,"14":1,"15":1,"16":0,"17":0,"18":0,"19":0,"20":0,"21":0,"22":0,"23":0,"24":0,"25":0,"26":0,"27":0,"28":0,"29":0,"30":0,"31":0,"32":1,"33":1,"34":1},"branchMap":{},"b":{},"fnMap":{},"f":{}}
,"C:\\Users\\breno\\OneDrive\\Área de Trabalho\\Area d Trabalho\\PROGAMÇÃO\\Desafio 2\\src\\configs\\auth.ts": {"path":"C:\\Users\\breno\\OneDrive\\Área de Trabalho\\Area d Trabalho\\PROGAMÇÃO\\Desafio 2\\src\\configs\\auth.ts","all":false,"statementMap":{"0":{"start":{"line":1,"column":0},"end":{"line":1,"column":28}},"1":{"start":{"line":2,"column":0},"end":{"line":2,"column":34}},"2":{"start":{"line":3,"column":0},"end":{"line":3,"column":0}},"3":{"start":{"line":4,"column":0},"end":{"line":4,"column":26}},"4":{"start":{"line":5,"column":0},"end":{"line":5,"column":34}},"5":{"start":{"line":6,"column":0},"end":{"line":6,"column":18}},"6":{"start":{"line":7,"column":0},"end":{"line":7,"column":2}}},"s":{"0":1,"1":1,"2":1,"3":1,"4":1,"5":1,"6":1},"branchMap":{},"b":{},"fnMap":{},"f":{}}
,"C:\\Users\\breno\\OneDrive\\Área de Trabalho\\Area d Trabalho\\PROGAMÇÃO\\Desafio 2\\src\\configs\\multer.ts": {"path":"C:\\Users\\breno\\OneDrive\\Área de Trabalho\\Area d Trabalho\\PROGAMÇÃO\\Desafio 2\\src\\configs\\multer.ts","all":false,"statementMap":{"0":{"start":{"line":1,"column":0},"end":{"line":1,"column":28}},"1":{"start":{"line":2,"column":0},"end":{"line":2,"column":24}},"2":{"start":{"line":3,"column":0},"end":{"line":3,"column":61}},"3":{"start":{"line":4,"column":0},"end":{"line":4,"column":16}},"4":{"start":{"line":5,"column":0},"end":{"line":5,"column":23}},"5":{"start":{"line":6,"column":0},"end":{"line":6,"column":31}},"6":{"start":{"line":7,"column":0},"end":{"line":7,"column":27}},"7":{"start":{"line":8,"column":0},"end":{"line":8,"column":39}},"8":{"start":{"line":9,"column":0},"end":{"line":9,"column":46}},"9":{"start":{"line":10,"column":0},"end":{"line":10,"column":38}},"10":{"start":{"line":11,"column":0},"end":{"line":11,"column":6}},"11":{"start":{"line":12,"column":0},"end":{"line":12,"column":5}},"12":{"start":{"line":13,"column":0},"end":{"line":13,"column":2}}},"s":{"0":1,"1":1,"2":1,"3":1,"4":1,"5":1,"6":1,"7":1,"8":0,"9":0,"10":1,"11":1,"12":1},"branchMap":{},"b":{},"fnMap":{"0":{"name":"filename","decl":{"start":{"line":8,"column":4},"end":{"line":11,"column":5}},"loc":{"start":{"line":8,"column":4},"end":{"line":11,"column":5}},"line":8}},"f":{"0":0}}
,"C:\\Users\\breno\\OneDrive\\Área de Trabalho\\Area d Trabalho\\PROGAMÇÃO\\Desafio 2\\src\\controllers\\SchoolClassController.ts": {"path":"C:\\Users\\breno\\OneDrive\\Área de Trabalho\\Area d Trabalho\\PROGAMÇÃO\\Desafio 2\\src\\controllers\\SchoolClassController.ts","all":false,"statementMap":{"0":{"start":{"line":1,"column":0},"end":{"line":1,"column":55}},"1":{"start":{"line":2,"column":0},"end":{"line":2,"column":44}},"2":{"start":{"line":3,"column":0},"end":{"line":3,"column":74}},"3":{"start":{"line":4,"column":0},"end":{"line":4,"column":100}},"4":{"start":{"line":5,"column":0},"end":{"line":5,"column":96}},"5":{"start":{"line":6,"column":0},"end":{"line":6,"column":96}},"6":{"start":{"line":7,"column":0},"end":{"line":7,"column":113}},"7":{"start":{"line":8,"column":0},"end":{"line":8,"column":118}},"8":{"start":{"line":9,"column":0},"end":{"line":9,"column":118}},"9":{"start":{"line":10,"column":0},"end":{"line":10,"column":79}},"10":{"start":{"line":11,"column":0},"end":{"line":11,"column":102}},"11":{"start":{"line":12,"column":0},"end":{"line":12,"column":0}},"12":{"start":{"line":13,"column":0},"end":{"line":13,"column":36}},"13":{"start":{"line":14,"column":0},"end":{"line":14,"column":61}},"14":{"start":{"line":15,"column":0},"end":{"line":15,"column":57}},"15":{"start":{"line":16,"column":0},"end":{"line":16,"column":57}},"16":{"start":{"line":17,"column":0},"end":{"line":17,"column":65}},"17":{"start":{"line":18,"column":0},"end":{"line":18,"column":79}},"18":{"start":{"line":19,"column":0},"end":{"line":19,"column":79}},"19":{"start":{"line":20,"column":0},"end":{"line":20,"column":47}},"20":{"start":{"line":21,"column":0},"end":{"line":21,"column":0}},"21":{"start":{"line":22,"column":0},"end":{"line":22,"column":17}},"22":{"start":{"line":23,"column":0},"end":{"line":23,"column":67}},"23":{"start":{"line":24,"column":0},"end":{"line":24,"column":63}},"24":{"start":{"line":25,"column":0},"end":{"line":25,"column":63}},"25":{"start":{"line":26,"column":0},"end":{"line":26,"column":71}},"26":{"start":{"line":27,"column":0},"end":{"line":27,"column":85}},"27":{"start":{"line":28,"column":0},"end":{"line":28,"column":85}},"28":{"start":{"line":29,"column":0},"end":{"line":29,"column":53}},"29":{"start":{"line":30,"column":0},"end":{"line":30,"column":3}},"30":{"start":{"line":31,"column":0},"end":{"line":31,"column":0}},"31":{"start":{"line":32,"column":0},"end":{"line":32,"column":51}},"32":{"start":{"line":33,"column":0},"end":{"line":33,"column":45}},"33":{"start":{"line":34,"column":0},"end":{"line":34,"column":33}},"34":{"start":{"line":35,"column":0},"end":{"line":35,"column":67}},"35":{"start":{"line":36,"column":0},"end":{"line":36,"column":5}},"36":{"start":{"line":37,"column":0},"end":{"line":37,"column":83}},"37":{"start":{"line":38,"column":0},"end":{"line":38,"column":0}},"38":{"start":{"line":39,"column":0},"end":{"line":39,"column":46}},"39":{"start":{"line":40,"column":0},"end":{"line":40,"column":68}},"40":{"start":{"line":41,"column":0},"end":{"line":41,"column":5}},"41":{"start":{"line":42,"column":0},"end":{"line":42,"column":63}},"42":{"start":{"line":43,"column":0},"end":{"line":43,"column":49}},"43":{"start":{"line":44,"column":0},"end":{"line":44,"column":43}},"44":{"start":{"line":45,"column":0},"end":{"line":45,"column":50}},"45":{"start":{"line":46,"column":0},"end":{"line":46,"column":48}},"46":{"start":{"line":47,"column":0},"end":{"line":47,"column":43}},"47":{"start":{"line":48,"column":0},"end":{"line":48,"column":15}},"48":{"start":{"line":49,"column":0},"end":{"line":49,"column":48}},"49":{"start":{"line":50,"column":0},"end":{"line":50,"column":6}},"50":{"start":{"line":51,"column":0},"end":{"line":51,"column":25}},"51":{"start":{"line":52,"column":0},"end":{"line":52,"column":4}},"52":{"start":{"line":53,"column":0},"end":{"line":53,"column":49}},"53":{"start":{"line":54,"column":0},"end":{"line":54,"column":45}},"54":{"start":{"line":55,"column":0},"end":{"line":55,"column":33}},"55":{"start":{"line":56,"column":0},"end":{"line":56,"column":67}},"56":{"start":{"line":57,"column":0},"end":{"line":57,"column":5}},"57":{"start":{"line":58,"column":0},"end":{"line":58,"column":81}},"58":{"start":{"line":59,"column":0},"end":{"line":59,"column":46}},"59":{"start":{"line":60,"column":0},"end":{"line":60,"column":73}},"60":{"start":{"line":61,"column":0},"end":{"line":61,"column":5}},"61":{"start":{"line":62,"column":0},"end":{"line":62,"column":61}},"62":{"start":{"line":63,"column":0},"end":{"line":63,"column":49}},"63":{"start":{"line":64,"column":0},"end":{"line":64,"column":43}},"64":{"start":{"line":65,"column":0},"end":{"line":65,"column":15}},"65":{"start":{"line":66,"column":0},"end":{"line":66,"column":6}},"66":{"start":{"line":67,"column":0},"end":{"line":67,"column":25}},"67":{"start":{"line":68,"column":0},"end":{"line":68,"column":4}},"68":{"start":{"line":69,"column":0},"end":{"line":69,"column":61}},"69":{"start":{"line":70,"column":0},"end":{"line":70,"column":45}},"70":{"start":{"line":71,"column":0},"end":{"line":71,"column":33}},"71":{"start":{"line":72,"column":0},"end":{"line":72,"column":67}},"72":{"start":{"line":73,"column":0},"end":{"line":73,"column":5}},"73":{"start":{"line":74,"column":0},"end":{"line":74,"column":83}},"74":{"start":{"line":75,"column":0},"end":{"line":75,"column":46}},"75":{"start":{"line":76,"column":0},"end":{"line":76,"column":73}},"76":{"start":{"line":77,"column":0},"end":{"line":77,"column":5}},"77":{"start":{"line":78,"column":0},"end":{"line":78,"column":101}},"78":{"start":{"line":79,"column":0},"end":{"line":79,"column":25}},"79":{"start":{"line":80,"column":0},"end":{"line":80,"column":4}},"80":{"start":{"line":81,"column":0},"end":{"line":81,"column":0}},"81":{"start":{"line":82,"column":0},"end":{"line":82,"column":49}},"82":{"start":{"line":83,"column":0},"end":{"line":83,"column":45}},"83":{"start":{"line":84,"column":0},"end":{"line":84,"column":33}},"84":{"start":{"line":85,"column":0},"end":{"line":85,"column":67}},"85":{"start":{"line":86,"column":0},"end":{"line":86,"column":5}},"86":{"start":{"line":87,"column":0},"end":{"line":87,"column":71}},"87":{"start":{"line":88,"column":0},"end":{"line":88,"column":25}},"88":{"start":{"line":89,"column":0},"end":{"line":89,"column":4}},"89":{"start":{"line":90,"column":0},"end":{"line":90,"column":58}},"90":{"start":{"line":91,"column":0},"end":{"line":91,"column":47}},"91":{"start":{"line":92,"column":0},"end":{"line":92,"column":34}},"92":{"start":{"line":93,"column":0},"end":{"line":93,"column":67}},"93":{"start":{"line":94,"column":0},"end":{"line":94,"column":5}},"94":{"start":{"line":95,"column":0},"end":{"line":95,"column":80}},"95":{"start":{"line":96,"column":0},"end":{"line":96,"column":28}},"96":{"start":{"line":97,"column":0},"end":{"line":97,"column":65}},"97":{"start":{"line":98,"column":0},"end":{"line":98,"column":5}},"98":{"start":{"line":99,"column":0},"end":{"line":99,"column":0}},"99":{"start":{"line":100,"column":0},"end":{"line":100,"column":63}},"100":{"start":{"line":101,"column":0},"end":{"line":101,"column":33}},"101":{"start":{"line":102,"column":0},"end":{"line":102,"column":80}},"102":{"start":{"line":103,"column":0},"end":{"line":103,"column":5}},"103":{"start":{"line":104,"column":0},"end":{"line":104,"column":27}},"104":{"start":{"line":105,"column":0},"end":{"line":105,"column":4}},"105":{"start":{"line":106,"column":0},"end":{"line":106,"column":58}},"106":{"start":{"line":107,"column":0},"end":{"line":107,"column":47}},"107":{"start":{"line":108,"column":0},"end":{"line":108,"column":34}},"108":{"start":{"line":109,"column":0},"end":{"line":109,"column":67}},"109":{"start":{"line":110,"column":0},"end":{"line":110,"column":5}},"110":{"start":{"line":111,"column":0},"end":{"line":111,"column":80}},"111":{"start":{"line":112,"column":0},"end":{"line":112,"column":28}},"112":{"start":{"line":113,"column":0},"end":{"line":113,"column":65}},"113":{"start":{"line":114,"column":0},"end":{"line":114,"column":5}},"114":{"start":{"line":115,"column":0},"end":{"line":115,"column":0}},"115":{"start":{"line":116,"column":0},"end":{"line":116,"column":63}},"116":{"start":{"line":117,"column":0},"end":{"line":117,"column":33}},"117":{"start":{"line":118,"column":0},"end":{"line":118,"column":80}},"118":{"start":{"line":119,"column":0},"end":{"line":119,"column":5}},"119":{"start":{"line":120,"column":0},"end":{"line":120,"column":27}},"120":{"start":{"line":121,"column":0},"end":{"line":121,"column":4}},"121":{"start":{"line":122,"column":0},"end":{"line":122,"column":1}}},"s":{"0":1,"1":1,"2":1,"3":1,"4":1,"5":1,"6":1,"7":1,"8":1,"9":1,"10":1,"11":1,"12":1,"13":1,"14":1,"15":1,"16":1,"17":1,"18":1,"19":1,"20":1,"21":1,"22":1,"23":1,"24":1,"25":1,"26":1,"27":1,"28":1,"29":1,"30":1,"31":1,"32":8,"33":8,"34":0,"35":0,"36":8,"37":8,"38":8,"39":0,"40":0,"41":8,"42":8,"43":8,"44":8,"45":8,"46":8,"47":8,"48":8,"49":8,"50":8,"51":8,"52":1,"53":1,"54":1,"55":0,"56":0,"57":1,"58":1,"59":0,"60":0,"61":1,"62":1,"63":1,"64":1,"65":1,"66":1,"67":1,"68":1,"69":1,"70":1,"71":0,"72":0,"73":1,"74":1,"75":0,"76":0,"77":1,"78":1,"79":1,"80":1,"81":1,"82":0,"83":0,"84":0,"85":0,"86":0,"87":0,"88":0,"89":1,"90":1,"91":1,"92":0,"93":0,"94":1,"95":1,"96":0,"97":0,"98":1,"99":1,"100":1,"101":0,"102":0,"103":1,"104":1,"105":1,"106":1,"107":1,"108":0,"109":0,"110":1,"111":1,"112":0,"113":0,"114":1,"115":1,"116":1,"117":0,"118":0,"119":1,"120":1,"121":1},"branchMap":{"0":{"type":"branch","line":22,"loc":{"start":{"line":22,"column":2},"end":{"line":30,"column":3}},"locations":[{"start":{"line":22,"column":2},"end":{"line":30,"column":3}}]},"1":{"type":"branch","line":32,"loc":{"start":{"line":32,"column":11},"end":{"line":52,"column":4}},"locations":[{"start":{"line":32,"column":11},"end":{"line":52,"column":4}}]},"2":{"type":"branch","line":32,"loc":{"start":{"line":32,"column":49},"end":{"line":52,"column":3}},"locations":[{"start":{"line":32,"column":49},"end":{"line":52,"column":3}}]},"3":{"type":"branch","line":33,"loc":{"start":{"line":33,"column":40},"end":{"line":33,"column":42}},"locations":[{"start":{"line":33,"column":40},"end":{"line":33,"column":42}}]},"4":{"type":"branch","line":34,"loc":{"start":{"line":34,"column":32},"end":{"line":36,"column":5}},"locations":[{"start":{"line":34,"column":32},"end":{"line":36,"column":5}}]},"5":{"type":"branch","line":39,"loc":{"start":{"line":39,"column":45},"end":{"line":41,"column":5}},"locations":[{"start":{"line":39,"column":45},"end":{"line":41,"column":5}}]},"6":{"type":"branch","line":53,"loc":{"start":{"line":53,"column":9},"end":{"line":68,"column":4}},"locations":[{"start":{"line":53,"column":9},"end":{"line":68,"column":4}}]},"7":{"type":"branch","line":53,"loc":{"start":{"line":53,"column":47},"end":{"line":68,"column":3}},"locations":[{"start":{"line":53,"column":47},"end":{"line":68,"column":3}}]},"8":{"type":"branch","line":54,"loc":{"start":{"line":54,"column":40},"end":{"line":54,"column":42}},"locations":[{"start":{"line":54,"column":40},"end":{"line":54,"column":42}}]},"9":{"type":"branch","line":55,"loc":{"start":{"line":55,"column":32},"end":{"line":57,"column":5}},"locations":[{"start":{"line":55,"column":32},"end":{"line":57,"column":5}}]},"10":{"type":"branch","line":59,"loc":{"start":{"line":59,"column":45},"end":{"line":61,"column":5}},"locations":[{"start":{"line":59,"column":45},"end":{"line":61,"column":5}}]},"11":{"type":"branch","line":69,"loc":{"start":{"line":69,"column":21},"end":{"line":80,"column":4}},"locations":[{"start":{"line":69,"column":21},"end":{"line":80,"column":4}}]},"12":{"type":"branch","line":69,"loc":{"start":{"line":69,"column":59},"end":{"line":80,"column":3}},"locations":[{"start":{"line":69,"column":59},"end":{"line":80,"column":3}}]},"13":{"type":"branch","line":70,"loc":{"start":{"line":70,"column":40},"end":{"line":70,"column":42}},"locations":[{"start":{"line":70,"column":40},"end":{"line":70,"column":42}}]},"14":{"type":"branch","line":71,"loc":{"start":{"line":71,"column":32},"end":{"line":73,"column":5}},"locations":[{"start":{"line":71,"column":32},"end":{"line":73,"column":5}}]},"15":{"type":"branch","line":75,"loc":{"start":{"line":75,"column":45},"end":{"line":77,"column":5}},"locations":[{"start":{"line":75,"column":45},"end":{"line":77,"column":5}}]},"16":{"type":"branch","line":90,"loc":{"start":{"line":90,"column":18},"end":{"line":105,"column":4}},"locations":[{"start":{"line":90,"column":18},"end":{"line":105,"column":4}}]},"17":{"type":"branch","line":90,"loc":{"start":{"line":90,"column":56},"end":{"line":105,"column":3}},"locations":[{"start":{"line":90,"column":56},"end":{"line":105,"column":3}}]},"18":{"type":"branch","line":91,"loc":{"start":{"line":91,"column":42},"end":{"line":91,"column":44}},"locations":[{"start":{"line":91,"column":42},"end":{"line":91,"column":44}}]},"19":{"type":"branch","line":92,"loc":{"start":{"line":92,"column":33},"end":{"line":94,"column":5}},"locations":[{"start":{"line":92,"column":33},"end":{"line":94,"column":5}}]},"20":{"type":"branch","line":96,"loc":{"start":{"line":96,"column":27},"end":{"line":98,"column":5}},"locations":[{"start":{"line":96,"column":27},"end":{"line":98,"column":5}}]},"21":{"type":"branch","line":101,"loc":{"start":{"line":101,"column":32},"end":{"line":103,"column":5}},"locations":[{"start":{"line":101,"column":32},"end":{"line":103,"column":5}}]},"22":{"type":"branch","line":106,"loc":{"start":{"line":106,"column":18},"end":{"line":121,"column":4}},"locations":[{"start":{"line":106,"column":18},"end":{"line":121,"column":4}}]},"23":{"type":"branch","line":106,"loc":{"start":{"line":106,"column":56},"end":{"line":121,"column":3}},"locations":[{"start":{"line":106,"column":56},"end":{"line":121,"column":3}}]},"24":{"type":"branch","line":107,"loc":{"start":{"line":107,"column":42},"end":{"line":107,"column":44}},"locations":[{"start":{"line":107,"column":42},"end":{"line":107,"column":44}}]},"25":{"type":"branch","line":108,"loc":{"start":{"line":108,"column":33},"end":{"line":110,"column":5}},"locations":[{"start":{"line":108,"column":33},"end":{"line":110,"column":5}}]},"26":{"type":"branch","line":112,"loc":{"start":{"line":112,"column":27},"end":{"line":114,"column":5}},"locations":[{"start":{"line":112,"column":27},"end":{"line":114,"column":5}}]},"27":{"type":"branch","line":117,"loc":{"start":{"line":117,"column":32},"end":{"line":119,"column":5}},"locations":[{"start":{"line":117,"column":32},"end":{"line":119,"column":5}}]}},"b":{"0":[1],"1":[8],"2":[8],"3":[0],"4":[0],"5":[0],"6":[1],"7":[1],"8":[0],"9":[0],"10":[0],"11":[1],"12":[1],"13":[0],"14":[0],"15":[0],"16":[1],"17":[1],"18":[0],"19":[0],"20":[0],"21":[0],"22":[1],"23":[1],"24":[0],"25":[0],"26":[0],"27":[0]},"fnMap":{"0":{"name":"SchoolClassController","decl":{"start":{"line":22,"column":2},"end":{"line":30,"column":3}},"loc":{"start":{"line":22,"column":2},"end":{"line":30,"column":3}},"line":22},"1":{"name":"SchoolClassController.create","decl":{"start":{"line":32,"column":11},"end":{"line":52,"column":4}},"loc":{"start":{"line":32,"column":11},"end":{"line":52,"column":4}},"line":32},"2":{"name":"SchoolClassController.view","decl":{"start":{"line":53,"column":9},"end":{"line":68,"column":4}},"loc":{"start":{"line":53,"column":9},"end":{"line":68,"column":4}},"line":53},"3":{"name":"SchoolClassController.viewClassDetails","decl":{"start":{"line":69,"column":21},"end":{"line":80,"column":4}},"loc":{"start":{"line":69,"column":21},"end":{"line":80,"column":4}},"line":69},"4":{"name":"SchoolClassController.list","decl":{"start":{"line":82,"column":9},"end":{"line":89,"column":4}},"loc":{"start":{"line":82,"column":9},"end":{"line":89,"column":4}},"line":82},"5":{"name":"SchoolClassController.exportTeacher","decl":{"start":{"line":90,"column":18},"end":{"line":105,"column":4}},"loc":{"start":{"line":90,"column":18},"end":{"line":105,"column":4}},"line":90},"6":{"name":"SchoolClassController.exportStudent","decl":{"start":{"line":106,"column":18},"end":{"line":121,"column":4}},"loc":{"start":{"line":106,"column":18},"end":{"line":121,"column":4}},"line":106}},"f":{"0":1,"1":8,"2":1,"3":1,"4":0,"5":1,"6":1}}
,"C:\\Users\\breno\\OneDrive\\Área de Trabalho\\Area d Trabalho\\PROGAMÇÃO\\Desafio 2\\src\\controllers\\SchoolController.ts": {"path":"C:\\Users\\breno\\OneDrive\\Área de Trabalho\\Area d Trabalho\\PROGAMÇÃO\\Desafio 2\\src\\controllers\\SchoolController.ts","all":false,"statementMap":{"0":{"start":{"line":1,"column":0},"end":{"line":1,"column":55}},"1":{"start":{"line":2,"column":0},"end":{"line":2,"column":44}},"2":{"start":{"line":3,"column":0},"end":{"line":3,"column":74}},"3":{"start":{"line":4,"column":0},"end":{"line":4,"column":85}},"4":{"start":{"line":5,"column":0},"end":{"line":5,"column":73}},"5":{"start":{"line":6,"column":0},"end":{"line":6,"column":81}},"6":{"start":{"line":7,"column":0},"end":{"line":7,"column":93}},"7":{"start":{"line":8,"column":0},"end":{"line":8,"column":91}},"8":{"start":{"line":9,"column":0},"end":{"line":9,"column":93}},"9":{"start":{"line":10,"column":0},"end":{"line":10,"column":0}},"10":{"start":{"line":11,"column":0},"end":{"line":11,"column":31}},"11":{"start":{"line":12,"column":0},"end":{"line":12,"column":51}},"12":{"start":{"line":13,"column":0},"end":{"line":13,"column":57}},"13":{"start":{"line":14,"column":0},"end":{"line":14,"column":59}},"14":{"start":{"line":15,"column":0},"end":{"line":15,"column":47}},"15":{"start":{"line":16,"column":0},"end":{"line":16,"column":59}},"16":{"start":{"line":17,"column":0},"end":{"line":17,"column":0}},"17":{"start":{"line":18,"column":0},"end":{"line":18,"column":17}},"18":{"start":{"line":19,"column":0},"end":{"line":19,"column":57}},"19":{"start":{"line":20,"column":0},"end":{"line":20,"column":63}},"20":{"start":{"line":21,"column":0},"end":{"line":21,"column":65}},"21":{"start":{"line":22,"column":0},"end":{"line":22,"column":53}},"22":{"start":{"line":23,"column":0},"end":{"line":23,"column":65}},"23":{"start":{"line":24,"column":0},"end":{"line":24,"column":3}},"24":{"start":{"line":25,"column":0},"end":{"line":25,"column":0}},"25":{"start":{"line":26,"column":0},"end":{"line":26,"column":51}},"26":{"start":{"line":27,"column":0},"end":{"line":27,"column":73}},"27":{"start":{"line":28,"column":0},"end":{"line":28,"column":0}},"28":{"start":{"line":29,"column":0},"end":{"line":29,"column":41}},"29":{"start":{"line":30,"column":0},"end":{"line":30,"column":66}},"30":{"start":{"line":31,"column":0},"end":{"line":31,"column":5}},"31":{"start":{"line":32,"column":0},"end":{"line":32,"column":58}},"32":{"start":{"line":33,"column":0},"end":{"line":33,"column":44}},"33":{"start":{"line":34,"column":0},"end":{"line":34,"column":42}},"34":{"start":{"line":35,"column":0},"end":{"line":35,"column":37}},"35":{"start":{"line":36,"column":0},"end":{"line":36,"column":45}},"36":{"start":{"line":37,"column":0},"end":{"line":37,"column":6}},"37":{"start":{"line":38,"column":0},"end":{"line":38,"column":0}},"38":{"start":{"line":39,"column":0},"end":{"line":39,"column":25}},"39":{"start":{"line":40,"column":0},"end":{"line":40,"column":4}},"40":{"start":{"line":41,"column":0},"end":{"line":41,"column":0}},"41":{"start":{"line":42,"column":0},"end":{"line":42,"column":55}},"42":{"start":{"line":43,"column":0},"end":{"line":43,"column":43}},"43":{"start":{"line":44,"column":0},"end":{"line":44,"column":71}},"44":{"start":{"line":45,"column":0},"end":{"line":45,"column":41}},"45":{"start":{"line":46,"column":0},"end":{"line":46,"column":71}},"46":{"start":{"line":47,"column":0},"end":{"line":47,"column":5}},"47":{"start":{"line":48,"column":0},"end":{"line":48,"column":102}},"48":{"start":{"line":49,"column":0},"end":{"line":49,"column":25}},"49":{"start":{"line":50,"column":0},"end":{"line":50,"column":4}},"50":{"start":{"line":51,"column":0},"end":{"line":51,"column":49}},"51":{"start":{"line":52,"column":0},"end":{"line":52,"column":45}},"52":{"start":{"line":53,"column":0},"end":{"line":53,"column":33}},"53":{"start":{"line":54,"column":0},"end":{"line":54,"column":67}},"54":{"start":{"line":55,"column":0},"end":{"line":55,"column":5}},"55":{"start":{"line":56,"column":0},"end":{"line":56,"column":66}},"56":{"start":{"line":57,"column":0},"end":{"line":57,"column":25}},"57":{"start":{"line":58,"column":0},"end":{"line":58,"column":4}},"58":{"start":{"line":59,"column":0},"end":{"line":59,"column":0}},"59":{"start":{"line":60,"column":0},"end":{"line":60,"column":54}},"60":{"start":{"line":61,"column":0},"end":{"line":61,"column":37}},"61":{"start":{"line":62,"column":0},"end":{"line":62,"column":63}},"62":{"start":{"line":63,"column":0},"end":{"line":63,"column":25}},"63":{"start":{"line":64,"column":0},"end":{"line":64,"column":4}},"64":{"start":{"line":65,"column":0},"end":{"line":65,"column":0}},"65":{"start":{"line":66,"column":0},"end":{"line":66,"column":55}},"66":{"start":{"line":67,"column":0},"end":{"line":67,"column":64}},"67":{"start":{"line":68,"column":0},"end":{"line":68,"column":25}},"68":{"start":{"line":69,"column":0},"end":{"line":69,"column":4}},"69":{"start":{"line":70,"column":0},"end":{"line":70,"column":1}}},"s":{"0":1,"1":1,"2":1,"3":1,"4":1,"5":1,"6":1,"7":1,"8":1,"9":1,"10":1,"11":1,"12":1,"13":1,"14":1,"15":1,"16":1,"17":1,"18":1,"19":1,"20":1,"21":1,"22":1,"23":1,"24":1,"25":1,"26":34,"27":34,"28":34,"29":0,"30":0,"31":34,"32":34,"33":34,"34":34,"35":34,"36":34,"37":33,"38":33,"39":34,"40":1,"41":1,"42":1,"43":1,"44":1,"45":0,"46":0,"47":1,"48":1,"49":1,"50":1,"51":1,"52":1,"53":0,"54":0,"55":1,"56":1,"57":1,"58":1,"59":1,"60":1,"61":1,"62":1,"63":1,"64":1,"65":1,"66":1,"67":1,"68":1,"69":1},"branchMap":{"0":{"type":"branch","line":18,"loc":{"start":{"line":18,"column":2},"end":{"line":24,"column":3}},"locations":[{"start":{"line":18,"column":2},"end":{"line":24,"column":3}}]},"1":{"type":"branch","line":26,"loc":{"start":{"line":26,"column":11},"end":{"line":40,"column":4}},"locations":[{"start":{"line":26,"column":11},"end":{"line":40,"column":4}}]},"2":{"type":"branch","line":26,"loc":{"start":{"line":26,"column":49},"end":{"line":40,"column":3}},"locations":[{"start":{"line":26,"column":49},"end":{"line":40,"column":3}}]},"3":{"type":"branch","line":29,"loc":{"start":{"line":29,"column":40},"end":{"line":31,"column":5}},"locations":[{"start":{"line":29,"column":40},"end":{"line":31,"column":5}}]},"4":{"type":"branch","line":38,"loc":{"start":{"line":38,"column":-2},"end":{"line":40,"column":3}},"locations":[{"start":{"line":38,"column":-2},"end":{"line":40,"column":3}}]},"5":{"type":"branch","line":42,"loc":{"start":{"line":42,"column":15},"end":{"line":50,"column":4}},"locations":[{"start":{"line":42,"column":15},"end":{"line":50,"column":4}}]},"6":{"type":"branch","line":42,"loc":{"start":{"line":42,"column":53},"end":{"line":50,"column":3}},"locations":[{"start":{"line":42,"column":53},"end":{"line":50,"column":3}}]},"7":{"type":"branch","line":45,"loc":{"start":{"line":45,"column":40},"end":{"line":47,"column":5}},"locations":[{"start":{"line":45,"column":40},"end":{"line":47,"column":5}}]},"8":{"type":"branch","line":51,"loc":{"start":{"line":51,"column":9},"end":{"line":58,"column":4}},"locations":[{"start":{"line":51,"column":9},"end":{"line":58,"column":4}}]},"9":{"type":"branch","line":51,"loc":{"start":{"line":51,"column":47},"end":{"line":58,"column":3}},"locations":[{"start":{"line":51,"column":47},"end":{"line":58,"column":3}}]},"10":{"type":"branch","line":52,"loc":{"start":{"line":52,"column":40},"end":{"line":52,"column":42}},"locations":[{"start":{"line":52,"column":40},"end":{"line":52,"column":42}}]},"11":{"type":"branch","line":53,"loc":{"start":{"line":53,"column":32},"end":{"line":55,"column":5}},"locations":[{"start":{"line":53,"column":32},"end":{"line":55,"column":5}}]},"12":{"type":"branch","line":60,"loc":{"start":{"line":60,"column":14},"end":{"line":64,"column":4}},"locations":[{"start":{"line":60,"column":14},"end":{"line":64,"column":4}}]},"13":{"type":"branch","line":60,"loc":{"start":{"line":60,"column":52},"end":{"line":64,"column":3}},"locations":[{"start":{"line":60,"column":52},"end":{"line":64,"column":3}}]},"14":{"type":"branch","line":66,"loc":{"start":{"line":66,"column":15},"end":{"line":69,"column":4}},"locations":[{"start":{"line":66,"column":15},"end":{"line":69,"column":4}}]},"15":{"type":"branch","line":66,"loc":{"start":{"line":66,"column":53},"end":{"line":69,"column":3}},"locations":[{"start":{"line":66,"column":53},"end":{"line":69,"column":3}}]}},"b":{"0":[1],"1":[34],"2":[34],"3":[0],"4":[33],"5":[1],"6":[1],"7":[0],"8":[1],"9":[1],"10":[0],"11":[0],"12":[1],"13":[1],"14":[1],"15":[1]},"fnMap":{"0":{"name":"SchoolController","decl":{"start":{"line":18,"column":2},"end":{"line":24,"column":3}},"loc":{"start":{"line":18,"column":2},"end":{"line":24,"column":3}},"line":18},"1":{"name":"SchoolController.create","decl":{"start":{"line":26,"column":11},"end":{"line":40,"column":4}},"loc":{"start":{"line":26,"column":11},"end":{"line":40,"column":4}},"line":26},"2":{"name":"SchoolController.viewPublic","decl":{"start":{"line":42,"column":15},"end":{"line":50,"column":4}},"loc":{"start":{"line":42,"column":15},"end":{"line":50,"column":4}},"line":42},"3":{"name":"SchoolController.view","decl":{"start":{"line":51,"column":9},"end":{"line":58,"column":4}},"loc":{"start":{"line":51,"column":9},"end":{"line":58,"column":4}},"line":51},"4":{"name":"SchoolController.listAdmin","decl":{"start":{"line":60,"column":14},"end":{"line":64,"column":4}},"loc":{"start":{"line":60,"column":14},"end":{"line":64,"column":4}},"line":60},"5":{"name":"SchoolController.listPublic","decl":{"start":{"line":66,"column":15},"end":{"line":69,"column":4}},"loc":{"start":{"line":66,"column":15},"end":{"line":69,"column":4}},"line":66}},"f":{"0":1,"1":34,"2":1,"3":1,"4":1,"5":1}}
,"C:\\Users\\breno\\OneDrive\\Área de Trabalho\\Area d Trabalho\\PROGAMÇÃO\\Desafio 2\\src\\controllers\\SessionControllers.ts": {"path":"C:\\Users\\breno\\OneDrive\\Área de Trabalho\\Area d Trabalho\\PROGAMÇÃO\\Desafio 2\\src\\controllers\\SessionControllers.ts","all":false,"statementMap":{"0":{"start":{"line":1,"column":0},"end":{"line":1,"column":44}},"1":{"start":{"line":2,"column":0},"end":{"line":2,"column":55}},"2":{"start":{"line":3,"column":0},"end":{"line":3,"column":101}},"3":{"start":{"line":4,"column":0},"end":{"line":4,"column":88}},"4":{"start":{"line":5,"column":0},"end":{"line":5,"column":90}},"5":{"start":{"line":6,"column":0},"end":{"line":6,"column":90}},"6":{"start":{"line":7,"column":0},"end":{"line":7,"column":0}},"7":{"start":{"line":8,"column":0},"end":{"line":8,"column":32}},"8":{"start":{"line":9,"column":0},"end":{"line":9,"column":53}},"9":{"start":{"line":10,"column":0},"end":{"line":10,"column":55}},"10":{"start":{"line":11,"column":0},"end":{"line":11,"column":55}},"11":{"start":{"line":12,"column":0},"end":{"line":12,"column":0}},"12":{"start":{"line":13,"column":0},"end":{"line":13,"column":17}},"13":{"start":{"line":14,"column":0},"end":{"line":14,"column":59}},"14":{"start":{"line":15,"column":0},"end":{"line":15,"column":61}},"15":{"start":{"line":16,"column":0},"end":{"line":16,"column":61}},"16":{"start":{"line":17,"column":0},"end":{"line":17,"column":3}},"17":{"start":{"line":18,"column":0},"end":{"line":18,"column":0}},"18":{"start":{"line":19,"column":0},"end":{"line":19,"column":58}},"19":{"start":{"line":20,"column":0},"end":{"line":20,"column":75}},"20":{"start":{"line":21,"column":0},"end":{"line":21,"column":42}},"21":{"start":{"line":22,"column":0},"end":{"line":22,"column":67}},"22":{"start":{"line":23,"column":0},"end":{"line":23,"column":5}},"23":{"start":{"line":24,"column":0},"end":{"line":24,"column":0}},"24":{"start":{"line":25,"column":0},"end":{"line":25,"column":59}},"25":{"start":{"line":26,"column":0},"end":{"line":26,"column":45}},"26":{"start":{"line":27,"column":0},"end":{"line":27,"column":43}},"27":{"start":{"line":28,"column":0},"end":{"line":28,"column":6}},"28":{"start":{"line":29,"column":0},"end":{"line":29,"column":0}},"29":{"start":{"line":30,"column":0},"end":{"line":30,"column":25}},"30":{"start":{"line":31,"column":0},"end":{"line":31,"column":4}},"31":{"start":{"line":32,"column":0},"end":{"line":32,"column":59}},"32":{"start":{"line":33,"column":0},"end":{"line":33,"column":76}},"33":{"start":{"line":34,"column":0},"end":{"line":34,"column":42}},"34":{"start":{"line":35,"column":0},"end":{"line":35,"column":67}},"35":{"start":{"line":36,"column":0},"end":{"line":36,"column":5}},"36":{"start":{"line":37,"column":0},"end":{"line":37,"column":0}},"37":{"start":{"line":38,"column":0},"end":{"line":38,"column":60}},"38":{"start":{"line":39,"column":0},"end":{"line":39,"column":46}},"39":{"start":{"line":40,"column":0},"end":{"line":40,"column":43}},"40":{"start":{"line":41,"column":0},"end":{"line":41,"column":6}},"41":{"start":{"line":42,"column":0},"end":{"line":42,"column":0}},"42":{"start":{"line":43,"column":0},"end":{"line":43,"column":25}},"43":{"start":{"line":44,"column":0},"end":{"line":44,"column":4}},"44":{"start":{"line":45,"column":0},"end":{"line":45,"column":59}},"45":{"start":{"line":46,"column":0},"end":{"line":46,"column":76}},"46":{"start":{"line":47,"column":0},"end":{"line":47,"column":42}},"47":{"start":{"line":48,"column":0},"end":{"line":48,"column":67}},"48":{"start":{"line":49,"column":0},"end":{"line":49,"column":5}},"49":{"start":{"line":50,"column":0},"end":{"line":50,"column":0}},"50":{"start":{"line":51,"column":0},"end":{"line":51,"column":60}},"51":{"start":{"line":52,"column":0},"end":{"line":52,"column":47}},"52":{"start":{"line":53,"column":0},"end":{"line":53,"column":43}},"53":{"start":{"line":54,"column":0},"end":{"line":54,"column":6}},"54":{"start":{"line":55,"column":0},"end":{"line":55,"column":0}},"55":{"start":{"line":56,"column":0},"end":{"line":56,"column":25}},"56":{"start":{"line":57,"column":0},"end":{"line":57,"column":4}},"57":{"start":{"line":58,"column":0},"end":{"line":58,"column":1}}},"s":{"0":1,"1":1,"2":1,"3":1,"4":1,"5":1,"6":1,"7":1,"8":1,"9":1,"10":1,"11":1,"12":1,"13":1,"14":1,"15":1,"16":1,"17":1,"18":1,"19":20,"20":20,"21":0,"22":0,"23":20,"24":20,"25":20,"26":20,"27":20,"28":20,"29":20,"30":20,"31":1,"32":3,"33":3,"34":0,"35":0,"36":3,"37":3,"38":3,"39":3,"40":3,"41":3,"42":3,"43":3,"44":1,"45":3,"46":3,"47":0,"48":0,"49":3,"50":3,"51":3,"52":3,"53":3,"54":3,"55":3,"56":3,"57":1},"branchMap":{"0":{"type":"branch","line":13,"loc":{"start":{"line":13,"column":2},"end":{"line":17,"column":3}},"locations":[{"start":{"line":13,"column":2},"end":{"line":17,"column":3}}]},"1":{"type":"branch","line":19,"loc":{"start":{"line":19,"column":18},"end":{"line":31,"column":4}},"locations":[{"start":{"line":19,"column":18},"end":{"line":31,"column":4}}]},"2":{"type":"branch","line":19,"loc":{"start":{"line":19,"column":56},"end":{"line":31,"column":3}},"locations":[{"start":{"line":19,"column":56},"end":{"line":31,"column":3}}]},"3":{"type":"branch","line":21,"loc":{"start":{"line":21,"column":41},"end":{"line":23,"column":5}},"locations":[{"start":{"line":21,"column":41},"end":{"line":23,"column":5}}]},"4":{"type":"branch","line":32,"loc":{"start":{"line":32,"column":19},"end":{"line":44,"column":4}},"locations":[{"start":{"line":32,"column":19},"end":{"line":44,"column":4}}]},"5":{"type":"branch","line":32,"loc":{"start":{"line":32,"column":57},"end":{"line":44,"column":3}},"locations":[{"start":{"line":32,"column":57},"end":{"line":44,"column":3}}]},"6":{"type":"branch","line":34,"loc":{"start":{"line":34,"column":41},"end":{"line":36,"column":5}},"locations":[{"start":{"line":34,"column":41},"end":{"line":36,"column":5}}]},"7":{"type":"branch","line":45,"loc":{"start":{"line":45,"column":19},"end":{"line":57,"column":4}},"locations":[{"start":{"line":45,"column":19},"end":{"line":57,"column":4}}]},"8":{"type":"branch","line":45,"loc":{"start":{"line":45,"column":57},"end":{"line":57,"column":3}},"locations":[{"start":{"line":45,"column":57},"end":{"line":57,"column":3}}]},"9":{"type":"branch","line":47,"loc":{"start":{"line":47,"column":41},"end":{"line":49,"column":5}},"locations":[{"start":{"line":47,"column":41},"end":{"line":49,"column":5}}]}},"b":{"0":[1],"1":[20],"2":[20],"3":[0],"4":[3],"5":[3],"6":[0],"7":[3],"8":[3],"9":[0]},"fnMap":{"0":{"name":"SessionController","decl":{"start":{"line":13,"column":2},"end":{"line":17,"column":3}},"loc":{"start":{"line":13,"column":2},"end":{"line":17,"column":3}},"line":13},"1":{"name":"SessionController.sessionSchool","decl":{"start":{"line":19,"column":18},"end":{"line":31,"column":4}},"loc":{"start":{"line":19,"column":18},"end":{"line":31,"column":4}},"line":19},"2":{"name":"SessionController.sessionTeacher","decl":{"start":{"line":32,"column":19},"end":{"line":44,"column":4}},"loc":{"start":{"line":32,"column":19},"end":{"line":44,"column":4}},"line":32},"3":{"name":"SessionController.sessionStudent","decl":{"start":{"line":45,"column":19},"end":{"line":57,"column":4}},"loc":{"start":{"line":45,"column":19},"end":{"line":57,"column":4}},"line":45}},"f":{"0":1,"1":20,"2":3,"3":3}}
,"C:\\Users\\breno\\OneDrive\\Área de Trabalho\\Area d Trabalho\\PROGAMÇÃO\\Desafio 2\\src\\controllers\\StudentController.ts": {"path":"C:\\Users\\breno\\OneDrive\\Área de Trabalho\\Area d Trabalho\\PROGAMÇÃO\\Desafio 2\\src\\controllers\\StudentController.ts","all":false,"statementMap":{"0":{"start":{"line":1,"column":0},"end":{"line":1,"column":55}},"1":{"start":{"line":2,"column":0},"end":{"line":2,"column":44}},"2":{"start":{"line":3,"column":0},"end":{"line":3,"column":74}},"3":{"start":{"line":4,"column":0},"end":{"line":4,"column":88}},"4":{"start":{"line":5,"column":0},"end":{"line":5,"column":84}},"5":{"start":{"line":6,"column":0},"end":{"line":6,"column":102}},"6":{"start":{"line":7,"column":0},"end":{"line":7,"column":100}},"7":{"start":{"line":8,"column":0},"end":{"line":8,"column":97}},"8":{"start":{"line":9,"column":0},"end":{"line":9,"column":88}},"9":{"start":{"line":10,"column":0},"end":{"line":10,"column":96}},"10":{"start":{"line":11,"column":0},"end":{"line":11,"column":110}},"11":{"start":{"line":12,"column":0},"end":{"line":12,"column":79}},"12":{"start":{"line":13,"column":0},"end":{"line":13,"column":0}},"13":{"start":{"line":14,"column":0},"end":{"line":14,"column":32}},"14":{"start":{"line":15,"column":0},"end":{"line":15,"column":53}},"15":{"start":{"line":16,"column":0},"end":{"line":16,"column":49}},"16":{"start":{"line":17,"column":0},"end":{"line":17,"column":67}},"17":{"start":{"line":18,"column":0},"end":{"line":18,"column":65}},"18":{"start":{"line":19,"column":0},"end":{"line":19,"column":61}},"19":{"start":{"line":20,"column":0},"end":{"line":20,"column":53}},"20":{"start":{"line":21,"column":0},"end":{"line":21,"column":70}},"21":{"start":{"line":22,"column":0},"end":{"line":22,"column":47}},"22":{"start":{"line":23,"column":0},"end":{"line":23,"column":0}},"23":{"start":{"line":24,"column":0},"end":{"line":24,"column":17}},"24":{"start":{"line":25,"column":0},"end":{"line":25,"column":59}},"25":{"start":{"line":26,"column":0},"end":{"line":26,"column":55}},"26":{"start":{"line":27,"column":0},"end":{"line":27,"column":73}},"27":{"start":{"line":28,"column":0},"end":{"line":28,"column":71}},"28":{"start":{"line":29,"column":0},"end":{"line":29,"column":67}},"29":{"start":{"line":30,"column":0},"end":{"line":30,"column":59}},"30":{"start":{"line":31,"column":0},"end":{"line":31,"column":53}},"31":{"start":{"line":32,"column":0},"end":{"line":32,"column":3}},"32":{"start":{"line":33,"column":0},"end":{"line":33,"column":0}},"33":{"start":{"line":34,"column":0},"end":{"line":34,"column":51}},"34":{"start":{"line":35,"column":0},"end":{"line":35,"column":45}},"35":{"start":{"line":36,"column":0},"end":{"line":36,"column":33}},"36":{"start":{"line":37,"column":0},"end":{"line":37,"column":67}},"37":{"start":{"line":38,"column":0},"end":{"line":38,"column":5}},"38":{"start":{"line":39,"column":0},"end":{"line":39,"column":75}},"39":{"start":{"line":40,"column":0},"end":{"line":40,"column":42}},"40":{"start":{"line":41,"column":0},"end":{"line":41,"column":68}},"41":{"start":{"line":42,"column":0},"end":{"line":42,"column":5}},"42":{"start":{"line":43,"column":0},"end":{"line":43,"column":59}},"43":{"start":{"line":44,"column":0},"end":{"line":44,"column":47}},"44":{"start":{"line":45,"column":0},"end":{"line":45,"column":43}},"45":{"start":{"line":46,"column":0},"end":{"line":46,"column":46}},"46":{"start":{"line":47,"column":0},"end":{"line":47,"column":15}},"47":{"start":{"line":48,"column":0},"end":{"line":48,"column":6}},"48":{"start":{"line":49,"column":0},"end":{"line":49,"column":25}},"49":{"start":{"line":50,"column":0},"end":{"line":50,"column":4}},"50":{"start":{"line":51,"column":0},"end":{"line":51,"column":0}},"51":{"start":{"line":52,"column":0},"end":{"line":52,"column":65}},"52":{"start":{"line":53,"column":0},"end":{"line":53,"column":38}},"53":{"start":{"line":54,"column":0},"end":{"line":54,"column":34}},"54":{"start":{"line":55,"column":0},"end":{"line":55,"column":67}},"55":{"start":{"line":56,"column":0},"end":{"line":56,"column":5}},"56":{"start":{"line":57,"column":0},"end":{"line":57,"column":77}},"57":{"start":{"line":58,"column":0},"end":{"line":58,"column":25}},"58":{"start":{"line":59,"column":0},"end":{"line":59,"column":4}},"59":{"start":{"line":60,"column":0},"end":{"line":60,"column":0}},"60":{"start":{"line":61,"column":0},"end":{"line":61,"column":64}},"61":{"start":{"line":62,"column":0},"end":{"line":62,"column":36}},"62":{"start":{"line":63,"column":0},"end":{"line":63,"column":33}},"63":{"start":{"line":64,"column":0},"end":{"line":64,"column":67}},"64":{"start":{"line":65,"column":0},"end":{"line":65,"column":5}},"65":{"start":{"line":66,"column":0},"end":{"line":66,"column":73}},"66":{"start":{"line":67,"column":0},"end":{"line":67,"column":42}},"67":{"start":{"line":68,"column":0},"end":{"line":68,"column":73}},"68":{"start":{"line":69,"column":0},"end":{"line":69,"column":5}},"69":{"start":{"line":70,"column":0},"end":{"line":70,"column":117}},"70":{"start":{"line":71,"column":0},"end":{"line":71,"column":25}},"71":{"start":{"line":72,"column":0},"end":{"line":72,"column":4}},"72":{"start":{"line":73,"column":0},"end":{"line":73,"column":0}},"73":{"start":{"line":74,"column":0},"end":{"line":74,"column":65}},"74":{"start":{"line":75,"column":0},"end":{"line":75,"column":36}},"75":{"start":{"line":76,"column":0},"end":{"line":76,"column":38}},"76":{"start":{"line":77,"column":0},"end":{"line":77,"column":0}},"77":{"start":{"line":78,"column":0},"end":{"line":78,"column":60}},"78":{"start":{"line":79,"column":0},"end":{"line":79,"column":67}},"79":{"start":{"line":80,"column":0},"end":{"line":80,"column":5}},"80":{"start":{"line":81,"column":0},"end":{"line":81,"column":73}},"81":{"start":{"line":82,"column":0},"end":{"line":82,"column":42}},"82":{"start":{"line":83,"column":0},"end":{"line":83,"column":73}},"83":{"start":{"line":84,"column":0},"end":{"line":84,"column":5}},"84":{"start":{"line":85,"column":0},"end":{"line":85,"column":63}},"85":{"start":{"line":86,"column":0},"end":{"line":86,"column":47}},"86":{"start":{"line":87,"column":0},"end":{"line":87,"column":16}},"87":{"start":{"line":88,"column":0},"end":{"line":88,"column":15}},"88":{"start":{"line":89,"column":0},"end":{"line":89,"column":6}},"89":{"start":{"line":90,"column":0},"end":{"line":90,"column":25}},"90":{"start":{"line":91,"column":0},"end":{"line":91,"column":4}},"91":{"start":{"line":92,"column":0},"end":{"line":92,"column":0}},"92":{"start":{"line":93,"column":0},"end":{"line":93,"column":56}},"93":{"start":{"line":94,"column":0},"end":{"line":94,"column":45}},"94":{"start":{"line":95,"column":0},"end":{"line":95,"column":33}},"95":{"start":{"line":96,"column":0},"end":{"line":96,"column":67}},"96":{"start":{"line":97,"column":0},"end":{"line":97,"column":5}},"97":{"start":{"line":98,"column":0},"end":{"line":98,"column":67}},"98":{"start":{"line":99,"column":0},"end":{"line":99,"column":25}},"99":{"start":{"line":100,"column":0},"end":{"line":100,"column":4}},"100":{"start":{"line":101,"column":0},"end":{"line":101,"column":15}},"101":{"start":{"line":102,"column":0},"end":{"line":102,"column":66}},"102":{"start":{"line":103,"column":0},"end":{"line":103,"column":48}},"103":{"start":{"line":104,"column":0},"end":{"line":104,"column":36}},"104":{"start":{"line":105,"column":0},"end":{"line":105,"column":70}},"105":{"start":{"line":106,"column":0},"end":{"line":106,"column":8}},"106":{"start":{"line":107,"column":0},"end":{"line":107,"column":81}},"107":{"start":{"line":108,"column":0},"end":{"line":108,"column":45}},"108":{"start":{"line":109,"column":0},"end":{"line":109,"column":78}},"109":{"start":{"line":110,"column":0},"end":{"line":110,"column":8}},"110":{"start":{"line":111,"column":0},"end":{"line":111,"column":120}},"111":{"start":{"line":112,"column":0},"end":{"line":112,"column":28}},"112":{"start":{"line":113,"column":0},"end":{"line":113,"column":7}},"113":{"start":{"line":114,"column":0},"end":{"line":114,"column":0}},"114":{"start":{"line":115,"column":0},"end":{"line":115,"column":51}},"115":{"start":{"line":116,"column":0},"end":{"line":116,"column":45}},"116":{"start":{"line":117,"column":0},"end":{"line":117,"column":33}},"117":{"start":{"line":118,"column":0},"end":{"line":118,"column":67}},"118":{"start":{"line":119,"column":0},"end":{"line":119,"column":5}},"119":{"start":{"line":120,"column":0},"end":{"line":120,"column":75}},"120":{"start":{"line":121,"column":0},"end":{"line":121,"column":42}},"121":{"start":{"line":122,"column":0},"end":{"line":122,"column":74}},"122":{"start":{"line":123,"column":0},"end":{"line":123,"column":5}},"123":{"start":{"line":124,"column":0},"end":{"line":124,"column":59}},"124":{"start":{"line":125,"column":0},"end":{"line":125,"column":47}},"125":{"start":{"line":126,"column":0},"end":{"line":126,"column":37}},"126":{"start":{"line":127,"column":0},"end":{"line":127,"column":15}},"127":{"start":{"line":128,"column":0},"end":{"line":128,"column":6}},"128":{"start":{"line":129,"column":0},"end":{"line":129,"column":25}},"129":{"start":{"line":130,"column":0},"end":{"line":130,"column":4}},"130":{"start":{"line":131,"column":0},"end":{"line":131,"column":1}}},"s":{"0":1,"1":1,"2":1,"3":1,"4":1,"5":1,"6":1,"7":1,"8":1,"9":1,"10":1,"11":1,"12":1,"13":1,"14":1,"15":1,"16":1,"17":1,"18":1,"19":1,"20":1,"21":1,"22":1,"23":1,"24":1,"25":1,"26":1,"27":1,"28":1,"29":1,"30":1,"31":1,"32":1,"33":1,"34":6,"35":6,"36":0,"37":0,"38":6,"39":6,"40":0,"41":0,"42":6,"43":6,"44":6,"45":6,"46":6,"47":6,"48":6,"49":6,"50":1,"51":1,"52":1,"53":1,"54":0,"55":0,"56":1,"57":1,"58":1,"59":1,"60":1,"61":1,"62":1,"63":0,"64":0,"65":1,"66":1,"67":0,"68":0,"69":1,"70":1,"71":1,"72":1,"73":1,"74":0,"75":0,"76":0,"77":0,"78":0,"79":0,"80":0,"81":0,"82":0,"83":0,"84":0,"85":0,"86":0,"87":0,"88":0,"89":0,"90":0,"91":1,"92":1,"93":0,"94":0,"95":0,"96":0,"97":0,"98":0,"99":0,"100":1,"101":1,"102":1,"103":1,"104":1,"105":1,"106":1,"107":1,"108":1,"109":1,"110":1,"111":1,"112":1,"113":1,"114":1,"115":1,"116":1,"117":0,"118":0,"119":1,"120":1,"121":0,"122":0,"123":1,"124":1,"125":1,"126":1,"127":1,"128":1,"129":1,"130":1},"branchMap":{"0":{"type":"branch","line":24,"loc":{"start":{"line":24,"column":2},"end":{"line":32,"column":3}},"locations":[{"start":{"line":24,"column":2},"end":{"line":32,"column":3}}]},"1":{"type":"branch","line":34,"loc":{"start":{"line":34,"column":11},"end":{"line":50,"column":4}},"locations":[{"start":{"line":34,"column":11},"end":{"line":50,"column":4}}]},"2":{"type":"branch","line":34,"loc":{"start":{"line":34,"column":49},"end":{"line":50,"column":3}},"locations":[{"start":{"line":34,"column":49},"end":{"line":50,"column":3}}]},"3":{"type":"branch","line":35,"loc":{"start":{"line":35,"column":40},"end":{"line":35,"column":42}},"locations":[{"start":{"line":35,"column":40},"end":{"line":35,"column":42}}]},"4":{"type":"branch","line":36,"loc":{"start":{"line":36,"column":32},"end":{"line":38,"column":5}},"locations":[{"start":{"line":36,"column":32},"end":{"line":38,"column":5}}]},"5":{"type":"branch","line":40,"loc":{"start":{"line":40,"column":41},"end":{"line":42,"column":5}},"locations":[{"start":{"line":40,"column":41},"end":{"line":42,"column":5}}]},"6":{"type":"branch","line":52,"loc":{"start":{"line":52,"column":25},"end":{"line":59,"column":4}},"locations":[{"start":{"line":52,"column":25},"end":{"line":59,"column":4}}]},"7":{"type":"branch","line":52,"loc":{"start":{"line":52,"column":63},"end":{"line":59,"column":3}},"locations":[{"start":{"line":52,"column":63},"end":{"line":59,"column":3}}]},"8":{"type":"branch","line":53,"loc":{"start":{"line":53,"column":33},"end":{"line":53,"column":35}},"locations":[{"start":{"line":53,"column":33},"end":{"line":53,"column":35}}]},"9":{"type":"branch","line":54,"loc":{"start":{"line":54,"column":33},"end":{"line":56,"column":5}},"locations":[{"start":{"line":54,"column":33},"end":{"line":56,"column":5}}]},"10":{"type":"branch","line":61,"loc":{"start":{"line":61,"column":24},"end":{"line":72,"column":4}},"locations":[{"start":{"line":61,"column":24},"end":{"line":72,"column":4}}]},"11":{"type":"branch","line":61,"loc":{"start":{"line":61,"column":62},"end":{"line":72,"column":3}},"locations":[{"start":{"line":61,"column":62},"end":{"line":72,"column":3}}]},"12":{"type":"branch","line":62,"loc":{"start":{"line":62,"column":31},"end":{"line":62,"column":33}},"locations":[{"start":{"line":62,"column":31},"end":{"line":62,"column":33}}]},"13":{"type":"branch","line":63,"loc":{"start":{"line":63,"column":32},"end":{"line":65,"column":5}},"locations":[{"start":{"line":63,"column":32},"end":{"line":65,"column":5}}]},"14":{"type":"branch","line":67,"loc":{"start":{"line":67,"column":41},"end":{"line":69,"column":5}},"locations":[{"start":{"line":67,"column":41},"end":{"line":69,"column":5}}]},"15":{"type":"branch","line":115,"loc":{"start":{"line":115,"column":11},"end":{"line":130,"column":4}},"locations":[{"start":{"line":115,"column":11},"end":{"line":130,"column":4}}]},"16":{"type":"branch","line":115,"loc":{"start":{"line":115,"column":49},"end":{"line":130,"column":3}},"locations":[{"start":{"line":115,"column":49},"end":{"line":130,"column":3}}]},"17":{"type":"branch","line":116,"loc":{"start":{"line":116,"column":40},"end":{"line":116,"column":42}},"locations":[{"start":{"line":116,"column":40},"end":{"line":116,"column":42}}]},"18":{"type":"branch","line":117,"loc":{"start":{"line":117,"column":32},"end":{"line":119,"column":5}},"locations":[{"start":{"line":117,"column":32},"end":{"line":119,"column":5}}]},"19":{"type":"branch","line":121,"loc":{"start":{"line":121,"column":41},"end":{"line":123,"column":5}},"locations":[{"start":{"line":121,"column":41},"end":{"line":123,"column":5}}]}},"b":{"0":[1],"1":[6],"2":[6],"3":[0],"4":[0],"5":[0],"6":[1],"7":[1],"8":[0],"9":[0],"10":[1],"11":[1],"12":[0],"13":[0],"14":[0],"15":[1],"16":[1],"17":[0],"18":[0],"19":[0]},"fnMap":{"0":{"name":"StudentController","decl":{"start":{"line":24,"column":2},"end":{"line":32,"column":3}},"loc":{"start":{"line":24,"column":2},"end":{"line":32,"column":3}},"line":24},"1":{"name":"StudentController.create","decl":{"start":{"line":34,"column":11},"end":{"line":50,"column":4}},"loc":{"start":{"line":34,"column":11},"end":{"line":50,"column":4}},"line":34},"2":{"name":"StudentController.viewStudentByStudent","decl":{"start":{"line":52,"column":25},"end":{"line":59,"column":4}},"loc":{"start":{"line":52,"column":25},"end":{"line":59,"column":4}},"line":52},"3":{"name":"StudentController.viewStudentBySchool","decl":{"start":{"line":61,"column":24},"end":{"line":72,"column":4}},"loc":{"start":{"line":61,"column":24},"end":{"line":72,"column":4}},"line":61},"4":{"name":"StudentController.viewStudentAndSchool","decl":{"start":{"line":74,"column":25},"end":{"line":91,"column":4}},"loc":{"start":{"line":74,"column":25},"end":{"line":91,"column":4}},"line":74},"5":{"name":"StudentController.listStudent","decl":{"start":{"line":93,"column":16},"end":{"line":100,"column":4}},"loc":{"start":{"line":93,"column":16},"end":{"line":100,"column":4}},"line":93},"6":{"name":"StudentController.update","decl":{"start":{"line":115,"column":11},"end":{"line":130,"column":4}},"loc":{"start":{"line":115,"column":11},"end":{"line":130,"column":4}},"line":115}},"f":{"0":1,"1":6,"2":1,"3":1,"4":0,"5":0,"6":1}}
,"C:\\Users\\breno\\OneDrive\\Área de Trabalho\\Area d Trabalho\\PROGAMÇÃO\\Desafio 2\\src\\controllers\\TeacherController.ts": {"path":"C:\\Users\\breno\\OneDrive\\Área de Trabalho\\Area d Trabalho\\PROGAMÇÃO\\Desafio 2\\src\\controllers\\TeacherController.ts","all":false,"statementMap":{"0":{"start":{"line":1,"column":0},"end":{"line":1,"column":55}},"1":{"start":{"line":2,"column":0},"end":{"line":2,"column":44}},"2":{"start":{"line":3,"column":0},"end":{"line":3,"column":74}},"3":{"start":{"line":4,"column":0},"end":{"line":4,"column":88}},"4":{"start":{"line":5,"column":0},"end":{"line":5,"column":84}},"5":{"start":{"line":6,"column":0},"end":{"line":6,"column":102}},"6":{"start":{"line":7,"column":0},"end":{"line":7,"column":97}},"7":{"start":{"line":8,"column":0},"end":{"line":8,"column":100}},"8":{"start":{"line":9,"column":0},"end":{"line":9,"column":101}},"9":{"start":{"line":10,"column":0},"end":{"line":10,"column":87}},"10":{"start":{"line":11,"column":0},"end":{"line":11,"column":0}},"11":{"start":{"line":12,"column":0},"end":{"line":12,"column":32}},"12":{"start":{"line":13,"column":0},"end":{"line":13,"column":53}},"13":{"start":{"line":14,"column":0},"end":{"line":14,"column":49}},"14":{"start":{"line":15,"column":0},"end":{"line":15,"column":65}},"15":{"start":{"line":16,"column":0},"end":{"line":16,"column":67}},"16":{"start":{"line":17,"column":0},"end":{"line":17,"column":61}},"17":{"start":{"line":18,"column":0},"end":{"line":18,"column":53}},"18":{"start":{"line":19,"column":0},"end":{"line":19,"column":0}},"19":{"start":{"line":20,"column":0},"end":{"line":20,"column":17}},"20":{"start":{"line":21,"column":0},"end":{"line":21,"column":59}},"21":{"start":{"line":22,"column":0},"end":{"line":22,"column":55}},"22":{"start":{"line":23,"column":0},"end":{"line":23,"column":71}},"23":{"start":{"line":24,"column":0},"end":{"line":24,"column":73}},"24":{"start":{"line":25,"column":0},"end":{"line":25,"column":67}},"25":{"start":{"line":26,"column":0},"end":{"line":26,"column":59}},"26":{"start":{"line":27,"column":0},"end":{"line":27,"column":3}},"27":{"start":{"line":28,"column":0},"end":{"line":28,"column":0}},"28":{"start":{"line":29,"column":0},"end":{"line":29,"column":51}},"29":{"start":{"line":30,"column":0},"end":{"line":30,"column":45}},"30":{"start":{"line":31,"column":0},"end":{"line":31,"column":33}},"31":{"start":{"line":32,"column":0},"end":{"line":32,"column":67}},"32":{"start":{"line":33,"column":0},"end":{"line":33,"column":5}},"33":{"start":{"line":34,"column":0},"end":{"line":34,"column":75}},"34":{"start":{"line":35,"column":0},"end":{"line":35,"column":42}},"35":{"start":{"line":36,"column":0},"end":{"line":36,"column":72}},"36":{"start":{"line":37,"column":0},"end":{"line":37,"column":5}},"37":{"start":{"line":38,"column":0},"end":{"line":38,"column":59}},"38":{"start":{"line":39,"column":0},"end":{"line":39,"column":46}},"39":{"start":{"line":40,"column":0},"end":{"line":40,"column":43}},"40":{"start":{"line":41,"column":0},"end":{"line":41,"column":45}},"41":{"start":{"line":42,"column":0},"end":{"line":42,"column":46}},"42":{"start":{"line":43,"column":0},"end":{"line":43,"column":15}},"43":{"start":{"line":44,"column":0},"end":{"line":44,"column":6}},"44":{"start":{"line":45,"column":0},"end":{"line":45,"column":25}},"45":{"start":{"line":46,"column":0},"end":{"line":46,"column":4}},"46":{"start":{"line":47,"column":0},"end":{"line":47,"column":0}},"47":{"start":{"line":48,"column":0},"end":{"line":48,"column":65}},"48":{"start":{"line":49,"column":0},"end":{"line":49,"column":45}},"49":{"start":{"line":50,"column":0},"end":{"line":50,"column":33}},"50":{"start":{"line":51,"column":0},"end":{"line":51,"column":67}},"51":{"start":{"line":52,"column":0},"end":{"line":52,"column":5}},"52":{"start":{"line":53,"column":0},"end":{"line":53,"column":73}},"53":{"start":{"line":54,"column":0},"end":{"line":54,"column":42}},"54":{"start":{"line":55,"column":0},"end":{"line":55,"column":77}},"55":{"start":{"line":56,"column":0},"end":{"line":56,"column":5}},"56":{"start":{"line":57,"column":0},"end":{"line":57,"column":116}},"57":{"start":{"line":58,"column":0},"end":{"line":58,"column":25}},"58":{"start":{"line":59,"column":0},"end":{"line":59,"column":4}},"59":{"start":{"line":60,"column":0},"end":{"line":60,"column":0}},"60":{"start":{"line":61,"column":0},"end":{"line":61,"column":66}},"61":{"start":{"line":62,"column":0},"end":{"line":62,"column":46}},"62":{"start":{"line":63,"column":0},"end":{"line":63,"column":34}},"63":{"start":{"line":64,"column":0},"end":{"line":64,"column":67}},"64":{"start":{"line":65,"column":0},"end":{"line":65,"column":5}},"65":{"start":{"line":66,"column":0},"end":{"line":66,"column":77}},"66":{"start":{"line":67,"column":0},"end":{"line":67,"column":25}},"67":{"start":{"line":68,"column":0},"end":{"line":68,"column":4}},"68":{"start":{"line":69,"column":0},"end":{"line":69,"column":0}},"69":{"start":{"line":70,"column":0},"end":{"line":70,"column":65}},"70":{"start":{"line":71,"column":0},"end":{"line":71,"column":36}},"71":{"start":{"line":72,"column":0},"end":{"line":72,"column":38}},"72":{"start":{"line":73,"column":0},"end":{"line":73,"column":0}},"73":{"start":{"line":74,"column":0},"end":{"line":74,"column":60}},"74":{"start":{"line":75,"column":0},"end":{"line":75,"column":67}},"75":{"start":{"line":76,"column":0},"end":{"line":76,"column":5}},"76":{"start":{"line":77,"column":0},"end":{"line":77,"column":73}},"77":{"start":{"line":78,"column":0},"end":{"line":78,"column":42}},"78":{"start":{"line":79,"column":0},"end":{"line":79,"column":76}},"79":{"start":{"line":80,"column":0},"end":{"line":80,"column":5}},"80":{"start":{"line":81,"column":0},"end":{"line":81,"column":63}},"81":{"start":{"line":82,"column":0},"end":{"line":82,"column":46}},"82":{"start":{"line":83,"column":0},"end":{"line":83,"column":16}},"83":{"start":{"line":84,"column":0},"end":{"line":84,"column":15}},"84":{"start":{"line":85,"column":0},"end":{"line":85,"column":6}},"85":{"start":{"line":86,"column":0},"end":{"line":86,"column":25}},"86":{"start":{"line":87,"column":0},"end":{"line":87,"column":4}},"87":{"start":{"line":88,"column":0},"end":{"line":88,"column":0}},"88":{"start":{"line":89,"column":0},"end":{"line":89,"column":49}},"89":{"start":{"line":90,"column":0},"end":{"line":90,"column":45}},"90":{"start":{"line":91,"column":0},"end":{"line":91,"column":33}},"91":{"start":{"line":92,"column":0},"end":{"line":92,"column":67}},"92":{"start":{"line":93,"column":0},"end":{"line":93,"column":5}},"93":{"start":{"line":94,"column":0},"end":{"line":94,"column":67}},"94":{"start":{"line":95,"column":0},"end":{"line":95,"column":25}},"95":{"start":{"line":96,"column":0},"end":{"line":96,"column":4}},"96":{"start":{"line":97,"column":0},"end":{"line":97,"column":0}},"97":{"start":{"line":98,"column":0},"end":{"line":98,"column":51}},"98":{"start":{"line":99,"column":0},"end":{"line":99,"column":45}},"99":{"start":{"line":100,"column":0},"end":{"line":100,"column":33}},"100":{"start":{"line":101,"column":0},"end":{"line":101,"column":67}},"101":{"start":{"line":102,"column":0},"end":{"line":102,"column":5}},"102":{"start":{"line":103,"column":0},"end":{"line":103,"column":75}},"103":{"start":{"line":104,"column":0},"end":{"line":104,"column":42}},"104":{"start":{"line":105,"column":0},"end":{"line":105,"column":75}},"105":{"start":{"line":106,"column":0},"end":{"line":106,"column":5}},"106":{"start":{"line":107,"column":0},"end":{"line":107,"column":59}},"107":{"start":{"line":108,"column":0},"end":{"line":108,"column":46}},"108":{"start":{"line":109,"column":0},"end":{"line":109,"column":37}},"109":{"start":{"line":110,"column":0},"end":{"line":110,"column":15}},"110":{"start":{"line":111,"column":0},"end":{"line":111,"column":6}},"111":{"start":{"line":112,"column":0},"end":{"line":112,"column":25}},"112":{"start":{"line":113,"column":0},"end":{"line":113,"column":4}},"113":{"start":{"line":114,"column":0},"end":{"line":114,"column":1}}},"s":{"0":1,"1":1,"2":1,"3":1,"4":1,"5":1,"6":1,"7":1,"8":1,"9":1,"10":1,"11":1,"12":1,"13":1,"14":1,"15":1,"16":1,"17":1,"18":1,"19":1,"20":1,"21":1,"22":1,"23":1,"24":1,"25":1,"26":1,"27":1,"28":1,"29":9,"30":9,"31":0,"32":0,"33":9,"34":9,"35":0,"36":0,"37":9,"38":9,"39":9,"40":9,"41":9,"42":9,"43":9,"44":9,"45":9,"46":1,"47":1,"48":1,"49":1,"50":0,"51":0,"52":1,"53":1,"54":0,"55":0,"56":1,"57":1,"58":1,"59":1,"60":1,"61":1,"62":1,"63":0,"64":0,"65":1,"66":1,"67":1,"68":1,"69":1,"70":0,"71":0,"72":0,"73":0,"74":0,"75":0,"76":0,"77":0,"78":0,"79":0,"80":0,"81":0,"82":0,"83":0,"84":0,"85":0,"86":0,"87":1,"88":1,"89":1,"90":1,"91":0,"92":0,"93":1,"94":1,"95":1,"96":1,"97":1,"98":1,"99":1,"100":0,"101":0,"102":1,"103":1,"104":0,"105":0,"106":1,"107":1,"108":1,"109":1,"110":1,"111":1,"112":1,"113":1},"branchMap":{"0":{"type":"branch","line":20,"loc":{"start":{"line":20,"column":2},"end":{"line":27,"column":3}},"locations":[{"start":{"line":20,"column":2},"end":{"line":27,"column":3}}]},"1":{"type":"branch","line":29,"loc":{"start":{"line":29,"column":11},"end":{"line":46,"column":4}},"locations":[{"start":{"line":29,"column":11},"end":{"line":46,"column":4}}]},"2":{"type":"branch","line":29,"loc":{"start":{"line":29,"column":49},"end":{"line":46,"column":3}},"locations":[{"start":{"line":29,"column":49},"end":{"line":46,"column":3}}]},"3":{"type":"branch","line":30,"loc":{"start":{"line":30,"column":40},"end":{"line":30,"column":42}},"locations":[{"start":{"line":30,"column":40},"end":{"line":30,"column":42}}]},"4":{"type":"branch","line":31,"loc":{"start":{"line":31,"column":32},"end":{"line":33,"column":5}},"locations":[{"start":{"line":31,"column":32},"end":{"line":33,"column":5}}]},"5":{"type":"branch","line":35,"loc":{"start":{"line":35,"column":41},"end":{"line":37,"column":5}},"locations":[{"start":{"line":35,"column":41},"end":{"line":37,"column":5}}]},"6":{"type":"branch","line":48,"loc":{"start":{"line":48,"column":25},"end":{"line":59,"column":4}},"locations":[{"start":{"line":48,"column":25},"end":{"line":59,"column":4}}]},"7":{"type":"branch","line":48,"loc":{"start":{"line":48,"column":63},"end":{"line":59,"column":3}},"locations":[{"start":{"line":48,"column":63},"end":{"line":59,"column":3}}]},"8":{"type":"branch","line":49,"loc":{"start":{"line":49,"column":40},"end":{"line":49,"column":42}},"locations":[{"start":{"line":49,"column":40},"end":{"line":49,"column":42}}]},"9":{"type":"branch","line":50,"loc":{"start":{"line":50,"column":32},"end":{"line":52,"column":5}},"locations":[{"start":{"line":50,"column":32},"end":{"line":52,"column":5}}]},"10":{"type":"branch","line":54,"loc":{"start":{"line":54,"column":41},"end":{"line":56,"column":5}},"locations":[{"start":{"line":54,"column":41},"end":{"line":56,"column":5}}]},"11":{"type":"branch","line":61,"loc":{"start":{"line":61,"column":26},"end":{"line":68,"column":4}},"locations":[{"start":{"line":61,"column":26},"end":{"line":68,"column":4}}]},"12":{"type":"branch","line":61,"loc":{"start":{"line":61,"column":64},"end":{"line":68,"column":3}},"locations":[{"start":{"line":61,"column":64},"end":{"line":68,"column":3}}]},"13":{"type":"branch","line":63,"loc":{"start":{"line":63,"column":33},"end":{"line":65,"column":5}},"locations":[{"start":{"line":63,"column":33},"end":{"line":65,"column":5}}]},"14":{"type":"branch","line":89,"loc":{"start":{"line":89,"column":9},"end":{"line":96,"column":4}},"locations":[{"start":{"line":89,"column":9},"end":{"line":96,"column":4}}]},"15":{"type":"branch","line":89,"loc":{"start":{"line":89,"column":47},"end":{"line":96,"column":3}},"locations":[{"start":{"line":89,"column":47},"end":{"line":96,"column":3}}]},"16":{"type":"branch","line":90,"loc":{"start":{"line":90,"column":40},"end":{"line":90,"column":42}},"locations":[{"start":{"line":90,"column":40},"end":{"line":90,"column":42}}]},"17":{"type":"branch","line":91,"loc":{"start":{"line":91,"column":32},"end":{"line":93,"column":5}},"locations":[{"start":{"line":91,"column":32},"end":{"line":93,"column":5}}]},"18":{"type":"branch","line":98,"loc":{"start":{"line":98,"column":11},"end":{"line":113,"column":4}},"locations":[{"start":{"line":98,"column":11},"end":{"line":113,"column":4}}]},"19":{"type":"branch","line":98,"loc":{"start":{"line":98,"column":49},"end":{"line":113,"column":3}},"locations":[{"start":{"line":98,"column":49},"end":{"line":113,"column":3}}]},"20":{"type":"branch","line":99,"loc":{"start":{"line":99,"column":40},"end":{"line":99,"column":42}},"locations":[{"start":{"line":99,"column":40},"end":{"line":99,"column":42}}]},"21":{"type":"branch","line":100,"loc":{"start":{"line":100,"column":32},"end":{"line":102,"column":5}},"locations":[{"start":{"line":100,"column":32},"end":{"line":102,"column":5}}]},"22":{"type":"branch","line":104,"loc":{"start":{"line":104,"column":41},"end":{"line":106,"column":5}},"locations":[{"start":{"line":104,"column":41},"end":{"line":106,"column":5}}]}},"b":{"0":[1],"1":[9],"2":[9],"3":[0],"4":[0],"5":[0],"6":[1],"7":[1],"8":[0],"9":[0],"10":[0],"11":[1],"12":[1],"13":[0],"14":[1],"15":[1],"16":[0],"17":[0],"18":[1],"19":[1],"20":[0],"21":[0],"22":[0]},"fnMap":{"0":{"name":"TeacherController","decl":{"start":{"line":20,"column":2},"end":{"line":27,"column":3}},"loc":{"start":{"line":20,"column":2},"end":{"line":27,"column":3}},"line":20},"1":{"name":"TeacherController.create","decl":{"start":{"line":29,"column":11},"end":{"line":46,"column":4}},"loc":{"start":{"line":29,"column":11},"end":{"line":46,"column":4}},"line":29},"2":{"name":"TeacherController.viewTeachertBySchool","decl":{"start":{"line":48,"column":25},"end":{"line":59,"column":4}},"loc":{"start":{"line":48,"column":25},"end":{"line":59,"column":4}},"line":48},"3":{"name":"TeacherController.viewTeachertByTeacher","decl":{"start":{"line":61,"column":26},"end":{"line":68,"column":4}},"loc":{"start":{"line":61,"column":26},"end":{"line":68,"column":4}},"line":61},"4":{"name":"TeacherController.viewTeacherAndSchool","decl":{"start":{"line":70,"column":25},"end":{"line":87,"column":4}},"loc":{"start":{"line":70,"column":25},"end":{"line":87,"column":4}},"line":70},"5":{"name":"TeacherController.list","decl":{"start":{"line":89,"column":9},"end":{"line":96,"column":4}},"loc":{"start":{"line":89,"column":9},"end":{"line":96,"column":4}},"line":89},"6":{"name":"TeacherController.update","decl":{"start":{"line":98,"column":11},"end":{"line":113,"column":4}},"loc":{"start":{"line":98,"column":11},"end":{"line":113,"column":4}},"line":98}},"f":{"0":1,"1":9,"2":1,"3":1,"4":0,"5":1,"6":1}}
,"C:\\Users\\breno\\OneDrive\\Área de Trabalho\\Area d Trabalho\\PROGAMÇÃO\\Desafio 2\\src\\database\\index.ts": {"path":"C:\\Users\\breno\\OneDrive\\Área de Trabalho\\Area d Trabalho\\PROGAMÇÃO\\Desafio 2\\src\\database\\index.ts","all":false,"statementMap":{"0":{"start":{"line":1,"column":0},"end":{"line":1,"column":46}},"1":{"start":{"line":2,"column":0},"end":{"line":2,"column":34}},"2":{"start":{"line":3,"column":0},"end":{"line":3,"column":18}}},"s":{"0":1,"1":1,"2":1},"branchMap":{},"b":{},"fnMap":{},"f":{}}
,"C:\\Users\\breno\\OneDrive\\Área de Trabalho\\Area d Trabalho\\PROGAMÇÃO\\Desafio 2\\src\\helpers\\api-erros.ts": {"path":"C:\\Users\\breno\\OneDrive\\Área de Trabalho\\Area d Trabalho\\PROGAMÇÃO\\Desafio 2\\src\\helpers\\api-erros.ts","all":false,"statementMap":{"0":{"start":{"line":1,"column":0},"end":{"line":1,"column":37}},"1":{"start":{"line":2,"column":0},"end":{"line":2,"column":37}},"2":{"start":{"line":3,"column":0},"end":{"line":3,"column":0}},"3":{"start":{"line":4,"column":0},"end":{"line":4,"column":52}},"4":{"start":{"line":5,"column":0},"end":{"line":5,"column":19}},"5":{"start":{"line":6,"column":0},"end":{"line":6,"column":33}},"6":{"start":{"line":7,"column":0},"end":{"line":7,"column":3}},"7":{"start":{"line":8,"column":0},"end":{"line":8,"column":1}},"8":{"start":{"line":9,"column":0},"end":{"line":9,"column":0}},"9":{"start":{"line":10,"column":0},"end":{"line":10,"column":47}},"10":{"start":{"line":11,"column":0},"end":{"line":11,"column":32}},"11":{"start":{"line":12,"column":0},"end":{"line":12,"column":24}},"12":{"start":{"line":13,"column":0},"end":{"line":13,"column":3}},"13":{"start":{"line":14,"column":0},"end":{"line":14,"column":36}},"14":{"start":{"line":15,"column":0},"end":{"line":15,"column":1}},"15":{"start":{"line":16,"column":0},"end":{"line":16,"column":0}},"16":{"start":{"line":17,"column":0},"end":{"line":17,"column":45}},"17":{"start":{"line":18,"column":0},"end":{"line":18,"column":32}},"18":{"start":{"line":19,"column":0},"end":{"line":19,"column":24}},"19":{"start":{"line":20,"column":0},"end":{"line":20,"column":3}},"20":{"start":{"line":21,"column":0},"end":{"line":21,"column":36}},"21":{"start":{"line":22,"column":0},"end":{"line":22,"column":1}},"22":{"start":{"line":23,"column":0},"end":{"line":23,"column":0}},"23":{"start":{"line":24,"column":0},"end":{"line":24,"column":49}},"24":{"start":{"line":25,"column":0},"end":{"line":25,"column":32}},"25":{"start":{"line":26,"column":0},"end":{"line":26,"column":24}},"26":{"start":{"line":27,"column":0},"end":{"line":27,"column":3}},"27":{"start":{"line":28,"column":0},"end":{"line":28,"column":1}}},"s":{"0":1,"1":1,"2":1,"3":1,"4":1,"5":1,"6":1,"7":1,"8":1,"9":1,"10":1,"11":0,"12":0,"13":1,"14":1,"15":1,"16":1,"17":1,"18":0,"19":0,"20":1,"21":1,"22":1,"23":1,"24":1,"25":1,"26":1,"27":1},"branchMap":{"0":{"type":"branch","line":4,"loc":{"start":{"line":4,"column":2},"end":{"line":7,"column":3}},"locations":[{"start":{"line":4,"column":2},"end":{"line":7,"column":3}}]},"1":{"type":"branch","line":25,"loc":{"start":{"line":25,"column":2},"end":{"line":27,"column":3}},"locations":[{"start":{"line":25,"column":2},"end":{"line":27,"column":3}}]}},"b":{"0":[1],"1":[1]},"fnMap":{"0":{"name":"ApiError","decl":{"start":{"line":4,"column":2},"end":{"line":7,"column":3}},"loc":{"start":{"line":4,"column":2},"end":{"line":7,"column":3}},"line":4},"1":{"name":"BadRequestError","decl":{"start":{"line":11,"column":2},"end":{"line":13,"column":3}},"loc":{"start":{"line":11,"column":2},"end":{"line":13,"column":3}},"line":11},"2":{"name":"NotFoundError","decl":{"start":{"line":18,"column":2},"end":{"line":20,"column":3}},"loc":{"start":{"line":18,"column":2},"end":{"line":20,"column":3}},"line":18},"3":{"name":"UnauthorizedError","decl":{"start":{"line":25,"column":2},"end":{"line":27,"column":3}},"loc":{"start":{"line":25,"column":2},"end":{"line":27,"column":3}},"line":25}},"f":{"0":1,"1":0,"2":0,"3":1}}
,"C:\\Users\\breno\\OneDrive\\Área de Trabalho\\Area d Trabalho\\PROGAMÇÃO\\Desafio 2\\src\\middlewares\\ensureAdminAuth.ts": {"path":"C:\\Users\\breno\\OneDrive\\Área de Trabalho\\Area d Trabalho\\PROGAMÇÃO\\Desafio 2\\src\\middlewares\\ensureAdminAuth.ts","all":false,"statementMap":{"0":{"start":{"line":1,"column":0},"end":{"line":1,"column":58}},"1":{"start":{"line":2,"column":0},"end":{"line":2,"column":0}},"2":{"start":{"line":3,"column":0},"end":{"line":3,"column":57}},"3":{"start":{"line":4,"column":0},"end":{"line":4,"column":0}},"4":{"start":{"line":5,"column":0},"end":{"line":5,"column":78}},"5":{"start":{"line":6,"column":0},"end":{"line":6,"column":33}},"6":{"start":{"line":7,"column":0},"end":{"line":7,"column":0}},"7":{"start":{"line":8,"column":0},"end":{"line":8,"column":16}},"8":{"start":{"line":9,"column":0},"end":{"line":9,"column":66}},"9":{"start":{"line":10,"column":0},"end":{"line":10,"column":6}},"10":{"start":{"line":11,"column":0},"end":{"line":11,"column":7}},"11":{"start":{"line":12,"column":0},"end":{"line":12,"column":46}},"12":{"start":{"line":13,"column":0},"end":{"line":13,"column":20}},"13":{"start":{"line":14,"column":0},"end":{"line":14,"column":12}},"14":{"start":{"line":15,"column":0},"end":{"line":15,"column":70}},"15":{"start":{"line":16,"column":0},"end":{"line":16,"column":5}},"16":{"start":{"line":17,"column":0},"end":{"line":17,"column":11}},"17":{"start":{"line":18,"column":0},"end":{"line":18,"column":59}},"18":{"start":{"line":19,"column":0},"end":{"line":19,"column":3}},"19":{"start":{"line":20,"column":0},"end":{"line":20,"column":2}},"20":{"start":{"line":21,"column":0},"end":{"line":21,"column":0}},"21":{"start":{"line":22,"column":0},"end":{"line":22,"column":27}}},"s":{"0":1,"1":1,"2":1,"3":1,"4":1,"5":1,"6":1,"7":1,"8":0,"9":1,"10":1,"11":1,"12":1,"13":1,"14":0,"15":0,"16":1,"17":0,"18":0,"19":1,"20":1,"21":1},"branchMap":{"0":{"type":"branch","line":5,"loc":{"start":{"line":5,"column":24},"end":{"line":20,"column":2}},"locations":[{"start":{"line":5,"column":24},"end":{"line":20,"column":2}}]},"1":{"type":"branch","line":8,"loc":{"start":{"line":8,"column":15},"end":{"line":10,"column":3}},"locations":[{"start":{"line":8,"column":15},"end":{"line":10,"column":3}}]},"2":{"type":"branch","line":14,"loc":{"start":{"line":14,"column":5},"end":{"line":16,"column":5}},"locations":[{"start":{"line":14,"column":5},"end":{"line":16,"column":5}}]},"3":{"type":"branch","line":17,"loc":{"start":{"line":17,"column":4},"end":{"line":19,"column":3}},"locations":[{"start":{"line":17,"column":4},"end":{"line":19,"column":3}}]}},"b":{"0":[1],"1":[0],"2":[0],"3":[0]},"fnMap":{"0":{"name":"ensureAdminAuth","decl":{"start":{"line":5,"column":24},"end":{"line":20,"column":2}},"loc":{"start":{"line":5,"column":24},"end":{"line":20,"column":2}},"line":5}},"f":{"0":1}}
,"C:\\Users\\breno\\OneDrive\\Área de Trabalho\\Area d Trabalho\\PROGAMÇÃO\\Desafio 2\\src\\middlewares\\ensureSchoolAuth.ts": {"path":"C:\\Users\\breno\\OneDrive\\Área de Trabalho\\Area d Trabalho\\PROGAMÇÃO\\Desafio 2\\src\\middlewares\\ensureSchoolAuth.ts","all":false,"statementMap":{"0":{"start":{"line":1,"column":0},"end":{"line":1,"column":22}},"1":{"start":{"line":2,"column":0},"end":{"line":2,"column":58}},"2":{"start":{"line":3,"column":0},"end":{"line":3,"column":38}},"3":{"start":{"line":4,"column":0},"end":{"line":4,"column":0}},"4":{"start":{"line":5,"column":0},"end":{"line":5,"column":44}},"5":{"start":{"line":6,"column":0},"end":{"line":6,"column":57}},"6":{"start":{"line":7,"column":0},"end":{"line":7,"column":0}},"7":{"start":{"line":8,"column":0},"end":{"line":8,"column":44}},"8":{"start":{"line":9,"column":0},"end":{"line":9,"column":66}},"9":{"start":{"line":10,"column":0},"end":{"line":10,"column":21}},"10":{"start":{"line":11,"column":0},"end":{"line":11,"column":14}},"11":{"start":{"line":12,"column":0},"end":{"line":12,"column":17}},"12":{"start":{"line":13,"column":0},"end":{"line":13,"column":6}},"13":{"start":{"line":14,"column":0},"end":{"line":14,"column":3}},"14":{"start":{"line":15,"column":0},"end":{"line":15,"column":1}},"15":{"start":{"line":16,"column":0},"end":{"line":16,"column":85}},"16":{"start":{"line":17,"column":0},"end":{"line":17,"column":47}},"17":{"start":{"line":18,"column":0},"end":{"line":18,"column":0}},"18":{"start":{"line":19,"column":0},"end":{"line":19,"column":20}},"19":{"start":{"line":20,"column":0},"end":{"line":20,"column":18}},"20":{"start":{"line":21,"column":0},"end":{"line":21,"column":3}},"21":{"start":{"line":22,"column":0},"end":{"line":22,"column":0}},"22":{"start":{"line":23,"column":0},"end":{"line":23,"column":42}},"23":{"start":{"line":24,"column":0},"end":{"line":24,"column":0}},"24":{"start":{"line":25,"column":0},"end":{"line":25,"column":7}},"25":{"start":{"line":26,"column":0},"end":{"line":26,"column":54}},"26":{"start":{"line":27,"column":0},"end":{"line":27,"column":78}},"27":{"start":{"line":28,"column":0},"end":{"line":28,"column":20}},"28":{"start":{"line":29,"column":0},"end":{"line":29,"column":37}},"29":{"start":{"line":30,"column":0},"end":{"line":30,"column":8}},"30":{"start":{"line":31,"column":0},"end":{"line":31,"column":20}},"31":{"start":{"line":32,"column":0},"end":{"line":32,"column":12}},"32":{"start":{"line":33,"column":0},"end":{"line":33,"column":63}},"33":{"start":{"line":34,"column":0},"end":{"line":34,"column":5}},"34":{"start":{"line":35,"column":0},"end":{"line":35,"column":11}},"35":{"start":{"line":36,"column":0},"end":{"line":36,"column":53}},"36":{"start":{"line":37,"column":0},"end":{"line":37,"column":3}},"37":{"start":{"line":38,"column":0},"end":{"line":38,"column":2}},"38":{"start":{"line":39,"column":0},"end":{"line":39,"column":0}},"39":{"start":{"line":40,"column":0},"end":{"line":40,"column":28}}},"s":{"0":1,"1":1,"2":1,"3":1,"4":1,"5":1,"6":1,"7":1,"8":1,"9":1,"10":1,"11":1,"12":1,"13":1,"14":1,"15":1,"16":31,"17":31,"18":31,"19":0,"20":0,"21":31,"22":31,"23":31,"24":31,"25":31,"26":31,"27":31,"28":31,"29":31,"30":31,"31":31,"32":0,"33":0,"34":31,"35":0,"36":0,"37":31,"38":1,"39":1},"branchMap":{"0":{"type":"branch","line":16,"loc":{"start":{"line":16,"column":25},"end":{"line":38,"column":2}},"locations":[{"start":{"line":16,"column":25},"end":{"line":38,"column":2}}]},"1":{"type":"branch","line":16,"loc":{"start":{"line":16,"column":83},"end":{"line":38,"column":2}},"locations":[{"start":{"line":16,"column":83},"end":{"line":38,"column":2}}]},"2":{"type":"branch","line":19,"loc":{"start":{"line":19,"column":19},"end":{"line":21,"column":3}},"locations":[{"start":{"line":19,"column":19},"end":{"line":21,"column":3}}]},"3":{"type":"branch","line":32,"loc":{"start":{"line":32,"column":5},"end":{"line":34,"column":5}},"locations":[{"start":{"line":32,"column":5},"end":{"line":34,"column":5}}]},"4":{"type":"branch","line":35,"loc":{"start":{"line":35,"column":4},"end":{"line":37,"column":3}},"locations":[{"start":{"line":35,"column":4},"end":{"line":37,"column":3}}]}},"b":{"0":[31],"1":[31],"2":[0],"3":[0],"4":[0]},"fnMap":{"0":{"name":"ensureSchoolAuth","decl":{"start":{"line":16,"column":25},"end":{"line":38,"column":2}},"loc":{"start":{"line":16,"column":25},"end":{"line":38,"column":2}},"line":16}},"f":{"0":31}}
[...]
,"C:\\Users\\breno\\OneDrive\\Área de Trabalho\\Area d Trabalho\\PROGAMÇÃO\\Desafio 2\\src\\services\\TeacherService\\viewTeacherByTeacher.service.ts": {"path":"C:\\Users\\breno\\OneDrive\\Área de Trabalho\\Area d Trabalho\\PROGAMÇÃO\\Desafio 2\\src\\services\\TeacherService\\viewTeacherByTeacher.service.ts","all":false,"statementMap":{"0":{"start":{"line":1,"column":0},"end":{"line":1,"column":58}},"1":{"start":{"line":2,"column":0},"end":{"line":2,"column":74}},"2":{"start":{"line":3,"column":0},"end":{"line":3,"column":0}},"3":{"start":{"line":4,"column":0},"end":{"line":4,"column":35}},"4":{"start":{"line":5,"column":0},"end":{"line":5,"column":47}},"5":{"start":{"line":6,"column":0},"end":{"line":6,"column":0}},"6":{"start":{"line":7,"column":0},"end":{"line":7,"column":17}},"7":{"start":{"line":8,"column":0},"end":{"line":8,"column":53}},"8":{"start":{"line":9,"column":0},"end":{"line":9,"column":3}},"9":{"start":{"line":10,"column":0},"end":{"line":10,"column":0}},"10":{"start":{"line":11,"column":0},"end":{"line":11,"column":36}},"11":{"start":{"line":12,"column":0},"end":{"line":12,"column":75}},"12":{"start":{"line":13,"column":0},"end":{"line":13,"column":0}},"13":{"start":{"line":14,"column":0},"end":{"line":14,"column":25}},"14":{"start":{"line":15,"column":0},"end":{"line":15,"column":80}},"15":{"start":{"line":16,"column":0},"end":{"line":16,"column":5}},"16":{"start":{"line":17,"column":0},"end":{"line":17,"column":25}},"17":{"start":{"line":18,"column":0},"end":{"line":18,"column":3}},"18":{"start":{"line":19,"column":0},"end":{"line":19,"column":1}},"19":{"start":{"line":20,"column":0},"end":{"line":20,"column":39}}},"s":{"0":1,"1":1,"2":1,"3":1,"4":1,"5":1,"6":1,"7":1,"8":1,"9":1,"10":1,"11":1,"12":1,"13":1,"14":0,"15":0,"16":1,"17":1,"18":1,"19":1},"branchMap":{"0":{"type":"branch","line":7,"loc":{"start":{"line":7,"column":2},"end":{"line":9,"column":3}},"locations":[{"start":{"line":7,"column":2},"end":{"line":9,"column":3}}]},"1":{"type":"branch","line":11,"loc":{"start":{"line":11,"column":8},"end":{"line":18,"column":3}},"locations":[{"start":{"line":11,"column":8},"end":{"line":18,"column":3}}]},"2":{"type":"branch","line":14,"loc":{"start":{"line":14,"column":24},"end":{"line":16,"column":5}},"locations":[{"start":{"line":14,"column":24},"end":{"line":16,"column":5}}]}},"b":{"0":[1],"1":[1],"2":[0]},"fnMap":{"0":{"name":"ViewTeacherByTeacherService","decl":{"start":{"line":7,"column":2},"end":{"line":9,"column":3}},"loc":{"start":{"line":7,"column":2},"end":{"line":9,"column":3}},"line":7},"1":{"name":"execute","decl":{"start":{"line":11,"column":8},"end":{"line":18,"column":3}},"loc":{"start":{"line":11,"column":8},"end":{"line":18,"column":3}},"line":11}},"f":{"0":1,"1":1}}
,"C:\\Users\\breno\\OneDrive\\Área de Trabalho\\Area d Trabalho\\PROGAMÇÃO\\Desafio 2\\src\\services\\TeacherService\\viewTeacherSchool.service copy.ts": {"path":"C:\\Users\\breno\\OneDrive\\Área de Trabalho\\Area d Trabalho\\PROGAMÇÃO\\Desafio 2\\src\\services\\TeacherService\\viewTeacherSchool.service copy.ts","all":false,"statementMap":{"0":{"start":{"line":1,"column":0},"end":{"line":1,"column":58}},"1":{"start":{"line":2,"column":0},"end":{"line":2,"column":74}},"2":{"start":{"line":3,"column":0},"end":{"line":3,"column":0}},"3":{"start":{"line":4,"column":0},"end":{"line":4,"column":32}},"4":{"start":{"line":5,"column":0},"end":{"line":5,"column":47}},"5":{"start":{"line":6,"column":0},"end":{"line":6,"column":0}},"6":{"start":{"line":7,"column":0},"end":{"line":7,"column":17}},"7":{"start":{"line":8,"column":0},"end":{"line":8,"column":53}},"8":{"start":{"line":9,"column":0},"end":{"line":9,"column":3}},"9":{"start":{"line":10,"column":0},"end":{"line":10,"column":0}},"10":{"start":{"line":11,"column":0},"end":{"line":11,"column":99}},"11":{"start":{"line":12,"column":0},"end":{"line":12,"column":60}},"12":{"start":{"line":13,"column":0},"end":{"line":13,"column":45}},"13":{"start":{"line":14,"column":0},"end":{"line":14,"column":77}},"14":{"start":{"line":15,"column":0},"end":{"line":15,"column":27}},"15":{"start":{"line":16,"column":0},"end":{"line":16,"column":67}},"16":{"start":{"line":17,"column":0},"end":{"line":17,"column":25}},"17":{"start":{"line":18,"column":0},"end":{"line":18,"column":82}},"18":{"start":{"line":19,"column":0},"end":{"line":19,"column":7}},"19":{"start":{"line":20,"column":0},"end":{"line":20,"column":98}},"20":{"start":{"line":21,"column":0},"end":{"line":21,"column":27}},"21":{"start":{"line":22,"column":0},"end":{"line":22,"column":72}},"22":{"start":{"line":23,"column":0},"end":{"line":23,"column":12}},"23":{"start":{"line":24,"column":0},"end":{"line":24,"column":59}},"24":{"start":{"line":25,"column":0},"end":{"line":25,"column":116}},"25":{"start":{"line":26,"column":0},"end":{"line":26,"column":5}},"26":{"start":{"line":27,"column":0},"end":{"line":27,"column":3}},"27":{"start":{"line":28,"column":0},"end":{"line":28,"column":1}},"28":{"start":{"line":29,"column":0},"end":{"line":29,"column":0}},"29":{"start":{"line":30,"column":0},"end":{"line":30,"column":36}}},"s":{"0":1,"1":1,"2":1,"3":1,"4":1,"5":1,"6":1,"7":1,"8":1,"9":1,"10":1,"11":0,"12":0,"13":0,"14":0,"15":0,"16":0,"17":0,"18":0,"19":0,"20":0,"21":0,"22":0,"23":0,"24":0,"25":0,"26":0,"27":1,"28":1,"29":1},"branchMap":{"0":{"type":"branch","line":7,"loc":{"start":{"line":7,"column":2},"end":{"line":9,"column":3}},"locations":[{"start":{"line":7,"column":2},"end":{"line":9,"column":3}}]}},"b":{"0":[1]},"fnMap":{"0":{"name":"ViewTeacherSchoolService","decl":{"start":{"line":7,"column":2},"end":{"line":9,"column":3}},"loc":{"start":{"line":7,"column":2},"end":{"line":9,"column":3}},"line":7},"1":{"name":"execute","decl":{"start":{"line":11,"column":8},"end":{"line":27,"column":3}},"loc":{"start":{"line":11,"column":8},"end":{"line":27,"column":3}},"line":11}},"f":{"0":1,"1":0}}
,"C:\\Users\\breno\\OneDrive\\Área de Trabalho\\Area d Trabalho\\PROGAMÇÃO\\Desafio 2\\src\\utils\\S3Storage.ts": {"path":"C:\\Users\\breno\\OneDrive\\Área de Trabalho\\Area d Trabalho\\PROGAMÇÃO\\Desafio 2\\src\\utils\\S3Storage.ts","all":false,"statementMap":{"0":{"start":{"line":1,"column":0},"end":{"line":1,"column":54}},"1":{"start":{"line":2,"column":0},"end":{"line":2,"column":34}},"2":{"start":{"line":3,"column":0},"end":{"line":3,"column":20}},"3":{"start":{"line":4,"column":0},"end":{"line":4,"column":75}},"4":{"start":{"line":5,"column":0},"end":{"line":5,"column":24}},"5":{"start":{"line":6,"column":0},"end":{"line":6,"column":0}},"6":{"start":{"line":7,"column":0},"end":{"line":7,"column":45}},"7":{"start":{"line":8,"column":0},"end":{"line":8,"column":0}},"8":{"start":{"line":9,"column":0},"end":{"line":9,"column":17}},"9":{"start":{"line":10,"column":0},"end":{"line":10,"column":21}},"10":{"start":{"line":11,"column":0},"end":{"line":11,"column":0}},"11":{"start":{"line":12,"column":0},"end":{"line":12,"column":17}},"12":{"start":{"line":13,"column":0},"end":{"line":13,"column":38}},"13":{"start":{"line":14,"column":0},"end":{"line":14,"column":18}},"14":{"start":{"line":15,"column":0},"end":{"line":15,"column":69}},"15":{"start":{"line":16,"column":0},"end":{"line":16,"column":5}},"16":{"start":{"line":17,"column":0},"end":{"line":17,"column":0}},"17":{"start":{"line":18,"column":0},"end":{"line":18,"column":30}},"18":{"start":{"line":19,"column":0},"end":{"line":19,"column":13}},"19":{"start":{"line":20,"column":0},"end":{"line":20,"column":7}},"20":{"start":{"line":21,"column":0},"end":{"line":21,"column":3}},"21":{"start":{"line":22,"column":0},"end":{"line":22,"column":0}},"22":{"start":{"line":23,"column":0},"end":{"line":23,"column":64}},"23":{"start":{"line":24,"column":0},"end":{"line":24,"column":38}},"24":{"start":{"line":25,"column":0},"end":{"line":25,"column":18}},"25":{"start":{"line":26,"column":0},"end":{"line":26,"column":69}},"26":{"start":{"line":27,"column":0},"end":{"line":27,"column":5}},"27":{"start":{"line":28,"column":0},"end":{"line":28,"column":0}},"28":{"start":{"line":29,"column":0},"end":{"line":29,"column":72}},"29":{"start":{"line":30,"column":0},"end":{"line":30,"column":0}},"30":{"start":{"line":31,"column":0},"end":{"line":31,"column":55}},"31":{"start":{"line":32,"column":0},"end":{"line":32,"column":23}},"32":{"start":{"line":33,"column":0},"end":{"line":33,"column":53}},"33":{"start":{"line":34,"column":0},"end":{"line":34,"column":5}},"34":{"start":{"line":35,"column":0},"end":{"line":35,"column":0}},"35":{"start":{"line":36,"column":0},"end":{"line":36,"column":65}},"36":{"start":{"line":37,"column":0},"end":{"line":37,"column":0}},"37":{"start":{"line":38,"column":0},"end":{"line":38,"column":9}},"38":{"start":{"line":39,"column":0},"end":{"line":39,"column":23}},"39":{"start":{"line":40,"column":0},"end":{"line":40,"column":20}},"40":{"start":{"line":41,"column":0},"end":{"line":41,"column":25}},"41":{"start":{"line":42,"column":0},"end":{"line":42,"column":19}},"42":{"start":{"line":43,"column":0},"end":{"line":43,"column":29}},"43":{"start":{"line":44,"column":0},"end":{"line":44,"column":28}},"44":{"start":{"line":45,"column":0},"end":{"line":45,"column":35}},"45":{"start":{"line":46,"column":0},"end":{"line":46,"column":10}},"46":{"start":{"line":47,"column":0},"end":{"line":47,"column":19}},"47":{"start":{"line":48,"column":0},"end":{"line":48,"column":0}},"48":{"start":{"line":49,"column":0},"end":{"line":49,"column":45}},"49":{"start":{"line":50,"column":0},"end":{"line":50,"column":21}},"50":{"start":{"line":51,"column":0},"end":{"line":51,"column":58}},"51":{"start":{"line":52,"column":0},"end":{"line":52,"column":18}},"52":{"start":{"line":53,"column":0},"end":{"line":53,"column":5}},"53":{"start":{"line":54,"column":0},"end":{"line":54,"column":3}},"54":{"start":{"line":55,"column":0},"end":{"line":55,"column":68}},"55":{"start":{"line":56,"column":0},"end":{"line":56,"column":38}},"56":{"start":{"line":57,"column":0},"end":{"line":57,"column":40}},"57":{"start":{"line":58,"column":0},"end":{"line":58,"column":18}},"58":{"start":{"line":59,"column":0},"end":{"line":59,"column":69}},"59":{"start":{"line":60,"column":0},"end":{"line":60,"column":5}},"60":{"start":{"line":61,"column":0},"end":{"line":61,"column":0}},"61":{"start":{"line":62,"column":0},"end":{"line":62,"column":46}},"62":{"start":{"line":63,"column":0},"end":{"line":63,"column":23}},"63":{"start":{"line":64,"column":0},"end":{"line":64,"column":65}},"64":{"start":{"line":65,"column":0},"end":{"line":65,"column":5}},"65":{"start":{"line":66,"column":0},"end":{"line":66,"column":0}},"66":{"start":{"line":67,"column":0},"end":{"line":67,"column":9}},"67":{"start":{"line":68,"column":0},"end":{"line":68,"column":23}},"68":{"start":{"line":69,"column":0},"end":{"line":69,"column":20}},"69":{"start":{"line":70,"column":0},"end":{"line":70,"column":25}},"70":{"start":{"line":71,"column":0},"end":{"line":71,"column":19}},"71":{"start":{"line":72,"column":0},"end":{"line":72,"column":29}},"72":{"start":{"line":73,"column":0},"end":{"line":73,"column":23}},"73":{"start":{"line":74,"column":0},"end":{"line":74,"column":35}},"74":{"start":{"line":75,"column":0},"end":{"line":75,"column":10}},"75":{"start":{"line":76,"column":0},"end":{"line":76,"column":19}},"76":{"start":{"line":77,"column":0},"end":{"line":77,"column":21}},"77":{"start":{"line":78,"column":0},"end":{"line":78,"column":58}},"78":{"start":{"line":79,"column":0},"end":{"line":79,"column":18}},"79":{"start":{"line":80,"column":0},"end":{"line":80,"column":5}},"80":{"start":{"line":81,"column":0},"end":{"line":81,"column":3}},"81":{"start":{"line":82,"column":0},"end":{"line":82,"column":1}},"82":{"start":{"line":83,"column":0},"end":{"line":83,"column":0}},"83":{"start":{"line":84,"column":0},"end":{"line":84,"column":25}}},"s":{"0":1,"1":1,"2":1,"3":1,"4":1,"5":1,"6":1,"7":1,"8":1,"9":1,"10":1,"11":1,"12":0,"13":0,"14":0,"15":0,"16":0,"17":0,"18":0,"19":0,"20":0,"21":1,"22":1,"23":0,"24":0,"25":0,"26":0,"27":0,"28":0,"29":0,"30":0,"31":0,"32":0,"33":0,"34":0,"35":0,"36":0,"37":0,"38":0,"39":0,"40":0,"41":0,"42":0,"43":0,"44":0,"45":0,"46":0,"47":0,"48":0,"49":0,"50":0,"51":0,"52":0,"53":0,"54":1,"55":0,"56":0,"57":0,"58":0,"59":0,"60":0,"61":0,"62":0,"63":0,"64":0,"65":0,"66":0,"67":0,"68":0,"69":0,"70":0,"71":0,"72":0,"73":0,"74":0,"75":0,"76":0,"77":0,"78":0,"79":0,"80":0,"81":1,"82":1,"83":1},"branchMap":{},"b":{},"fnMap":{"0":{"name":"S3Storage","decl":{"start":{"line":12,"column":2},"end":{"line":21,"column":3}},"loc":{"start":{"line":12,"column":2},"end":{"line":21,"column":3}},"line":12},"1":{"name":"saveFile","decl":{"start":{"line":23,"column":8},"end":{"line":54,"column":3}},"loc":{"start":{"line":23,"column":8},"end":{"line":54,"column":3}},"line":23},"2":{"name":"saveFileBuffer","decl":{"start":{"line":55,"column":8},"end":{"line":81,"column":3}},"loc":{"start":{"line":55,"column":8},"end":{"line":81,"column":3}},"line":55}},"f":{"0":0,"1":0,"2":0}}
,"C:\\Users\\breno\\OneDrive\\Área de Trabalho\\Area d Trabalho\\PROGAMÇÃO\\Desafio 2\\src\\utils\\generateCep.ts": {"path":"C:\\Users\\breno\\OneDrive\\Área de Trabalho\\Area d Trabalho\\PROGAMÇÃO\\Desafio 2\\src\\utils\\generateCep.ts","all":false,"statementMap":{"0":{"start":{"line":1,"column":0},"end":{"line":1,"column":26}},"1":{"start":{"line":2,"column":0},"end":{"line":2,"column":72}},"2":{"start":{"line":3,"column":0},"end":{"line":3,"column":61}},"3":{"start":{"line":4,"column":0},"end":{"line":4,"column":69}},"4":{"start":{"line":5,"column":0},"end":{"line":5,"column":34}},"5":{"start":{"line":6,"column":0},"end":{"line":6,"column":1}},"6":{"start":{"line":7,"column":0},"end":{"line":7,"column":53}},"7":{"start":{"line":8,"column":0},"end":{"line":8,"column":65}},"8":{"start":{"line":9,"column":0},"end":{"line":9,"column":30}},"9":{"start":{"line":10,"column":0},"end":{"line":10,"column":1}},"10":{"start":{"line":11,"column":0},"end":{"line":11,"column":0}},"11":{"start":{"line":12,"column":0},"end":{"line":12,"column":55}},"12":{"start":{"line":13,"column":0},"end":{"line":13,"column":70}},"13":{"start":{"line":14,"column":0},"end":{"line":14,"column":109}},"14":{"start":{"line":15,"column":0},"end":{"line":15,"column":49}},"15":{"start":{"line":16,"column":0},"end":{"line":16,"column":0}},"16":{"start":{"line":17,"column":0},"end":{"line":17,"column":7}},"17":{"start":{"line":18,"column":0},"end":{"line":18,"column":44}},"18":{"start":{"line":19,"column":0},"end":{"line":19,"column":15}},"19":{"start":{"line":20,"column":0},"end":{"line":20,"column":0}},"20":{"start":{"line":21,"column":0},"end":{"line":21,"column":26}},"21":{"start":{"line":22,"column":0},"end":{"line":22,"column":34}},"22":{"start":{"line":23,"column":0},"end":{"line":23,"column":33}},"23":{"start":{"line":24,"column":0},"end":{"line":24,"column":29}},"24":{"start":{"line":25,"column":0},"end":{"line":25,"column":33}},"25":{"start":{"line":26,"column":0},"end":{"line":26,"column":36}},"26":{"start":{"line":27,"column":0},"end":{"line":27,"column":33}},"27":{"start":{"line":28,"column":0},"end":{"line":28,"column":32}},"28":{"start":{"line":29,"column":0},"end":{"line":29,"column":33}},"29":{"start":{"line":30,"column":0},"end":{"line":30,"column":26}},"30":{"start":{"line":31,"column":0},"end":{"line":31,"column":5}},"31":{"start":{"line":32,"column":0},"end":{"line":32,"column":0}},"32":{"start":{"line":33,"column":0},"end":{"line":33,"column":56}},"33":{"start":{"line":34,"column":0},"end":{"line":34,"column":28}},"34":{"start":{"line":35,"column":0},"end":{"line":35,"column":24}},"35":{"start":{"line":36,"column":0},"end":{"line":36,"column":108}},"36":{"start":{"line":37,"column":0},"end":{"line":37,"column":52}},"37":{"start":{"line":38,"column":0},"end":{"line":38,"column":75}},"38":{"start":{"line":39,"column":0},"end":{"line":39,"column":44}},"39":{"start":{"line":40,"column":0},"end":{"line":40,"column":5}},"40":{"start":{"line":41,"column":0},"end":{"line":41,"column":0}},"41":{"start":{"line":42,"column":0},"end":{"line":42,"column":61}},"42":{"start":{"line":43,"column":0},"end":{"line":43,"column":19}},"43":{"start":{"line":44,"column":0},"end":{"line":44,"column":60}},"44":{"start":{"line":45,"column":0},"end":{"line":45,"column":61}},"45":{"start":{"line":46,"column":0},"end":{"line":46,"column":3}},"46":{"start":{"line":47,"column":0},"end":{"line":47,"column":1}}},"s":{"0":1,"1":1,"2":34,"3":34,"4":34,"5":34,"6":34,"7":34,"8":34,"9":34,"10":1,"11":34,"12":34,"13":34,"14":34,"15":34,"16":34,"17":34,"18":34,"19":34,"20":34,"21":6,"22":34,"23":8,"24":28,"25":11,"26":20,"27":6,"28":9,"29":3,"30":3,"31":34,"32":34,"33":34,"34":34,"35":34,"36":34,"37":34,"38":34,"39":34,"40":0,"41":0,"42":0,"43":0,"44":0,"45":0,"46":34},"branchMap":{"0":{"type":"branch","line":3,"loc":{"start":{"line":3,"column":0},"end":{"line":6,"column":1}},"locations":[{"start":{"line":3,"column":0},"end":{"line":6,"column":1}}]},"1":{"type":"branch","line":7,"loc":{"start":{"line":7,"column":0},"end":{"line":10,"column":1}},"locations":[{"start":{"line":7,"column":0},"end":{"line":10,"column":1}}]},"2":{"type":"branch","line":12,"loc":{"start":{"line":12,"column":0},"end":{"line":47,"column":1}},"locations":[{"start":{"line":12,"column":0},"end":{"line":47,"column":1}}]},"3":{"type":"branch","line":21,"loc":{"start":{"line":21,"column":25},"end":{"line":23,"column":5}},"locations":[{"start":{"line":21,"column":25},"end":{"line":23,"column":5}}]},"4":{"type":"branch","line":23,"loc":{"start":{"line":23,"column":5},"end":{"line":31,"column":5}},"locations":[{"start":{"line":23,"column":5},"end":{"line":31,"column":5}}]},"5":{"type":"branch","line":23,"loc":{"start":{"line":23,"column":32},"end":{"line":25,"column":5}},"locations":[{"start":{"line":23,"column":32},"end":{"line":25,"column":5}}]},"6":{"type":"branch","line":25,"loc":{"start":{"line":25,"column":5},"end":{"line":31,"column":5}},"locations":[{"start":{"line":25,"column":5},"end":{"line":31,"column":5}}]},"7":{"type":"branch","line":25,"loc":{"start":{"line":25,"column":32},"end":{"line":27,"column":5}},"locations":[{"start":{"line":25,"column":32},"end":{"line":27,"column":5}}]},"8":{"type":"branch","line":27,"loc":{"start":{"line":27,"column":5},"end":{"line":31,"column":5}},"locations":[{"start":{"line":27,"column":5},"end":{"line":31,"column":5}}]},"9":{"type":"branch","line":27,"loc":{"start":{"line":27,"column":32},"end":{"line":29,"column":5}},"locations":[{"start":{"line":27,"column":32},"end":{"line":29,"column":5}}]},"10":{"type":"branch","line":29,"loc":{"start":{"line":29,"column":5},"end":{"line":31,"column":5}},"locations":[{"start":{"line":29,"column":5},"end":{"line":31,"column":5}}]},"11":{"type":"branch","line":41,"loc":{"start":{"line":41,"column":-2},"end":{"line":46,"column":3}},"locations":[{"start":{"line":41,"column":-2},"end":{"line":46,"column":3}}]}},"b":{"0":[34],"1":[34],"2":[34],"3":[6],"4":[28],"5":[8],"6":[20],"7":[11],"8":[9],"9":[6],"10":[3],"11":[0]},"fnMap":{"0":{"name":"getRandomLogradouro","decl":{"start":{"line":3,"column":0},"end":{"line":6,"column":1}},"loc":{"start":{"line":3,"column":0},"end":{"line":6,"column":1}},"line":3},"1":{"name":"getRandomEstado","decl":{"start":{"line":7,"column":0},"end":{"line":10,"column":1}},"loc":{"start":{"line":7,"column":0},"end":{"line":10,"column":1}},"line":7},"2":{"name":"getRandomCep","decl":{"start":{"line":12,"column":0},"end":{"line":47,"column":1}},"loc":{"start":{"line":12,"column":0},"end":{"line":47,"column":1}},"line":12}},"f":{"0":34,"1":34,"2":34}}
}
