TN:
SF:src\app.ts
FNF:0
FNH:0
DA:1,1
DA:2,1
DA:3,1
DA:4,1
DA:5,1
DA:6,1
DA:7,1
DA:8,1
DA:9,1
DA:10,1
DA:11,1
DA:12,102
DA:13,102
DA:14,1
DA:15,1
DA:16,1
DA:17,1
DA:18,1
DA:19,0
DA:20,0
DA:21,0
DA:22,0
DA:23,0
DA:24,0
DA:25,0
DA:26,0
DA:27,0
DA:28,0
DA:29,0
DA:30,0
DA:31,0
DA:32,0
DA:33,0
DA:34,0
DA:35,1
DA:36,1
DA:37,1
LF:37
LH:21
BRDA:11,0,0,102
BRF:1
BRH:1
end_of_record
TN:
SF:src\configs\auth.ts
FNF:0
FNH:0
DA:1,1
DA:2,1
DA:3,1
DA:4,1
DA:5,1
DA:6,1
DA:7,1
LF:7
LH:7
BRF:0
BRH:0
end_of_record
TN:
SF:src\configs\multer.ts
FN:8,filename
FNF:1
FNH:0
FNDA:0,filename
DA:1,1
DA:2,1
DA:3,1
DA:4,1
DA:5,1
DA:6,1
DA:7,1
DA:8,1
DA:9,0
DA:10,0
DA:11,1
DA:12,1
DA:13,1
LF:13
LH:11
BRF:0
BRH:0
end_of_record
TN:
SF:src\controllers\SchoolClassController.ts
FN:22,SchoolClassController
FN:32,SchoolClassController.create
FN:53,SchoolClassController.view
FN:69,SchoolClassController.viewClassDetails
FN:82,SchoolClassController.list
FN:90,SchoolClassController.exportTeacher
FN:107,SchoolClassController.exportStudent
FNF:7
FNH:6
FNDA:1,SchoolClassController
FNDA:8,SchoolClassController.create
FNDA:1,SchoolClassController.view
FNDA:1,SchoolClassController.viewClassDetails
FNDA:0,SchoolClassController.list
FNDA:1,SchoolClassController.exportTeacher
FNDA:1,SchoolClassController.exportStudent
DA:1,1
DA:2,1
DA:3,1
DA:4,1
DA:5,1
DA:6,1
DA:7,1
DA:8,1
DA:9,1
DA:10,1
DA:11,1
DA:12,1
DA:13,1
DA:14,1
DA:15,1
DA:16,1
DA:17,1
DA:18,1
DA:19,1
DA:20,1
DA:21,1
DA:22,1
DA:23,1
DA:24,1
DA:25,1
DA:26,1
DA:27,1
DA:28,1
DA:29,1
DA:30,1
DA:31,1
DA:32,1
DA:33,8
DA:34,8
DA:35,0
DA:36,0
DA:37,8
DA:38,8
DA:39,8
DA:40,0
DA:41,0
DA:42,8
DA:43,8
DA:44,8
DA:45,8
DA:46,8
DA:47,8
DA:48,8
DA:49,8
DA:50,8
DA:51,8
DA:52,8
DA:53,1
DA:54,1
DA:55,1
DA:56,0
DA:57,0
DA:58,1
DA:59,1
DA:60,0
DA:61,0
DA:62,1
DA:63,1
DA:64,1
DA:65,1
DA:66,1
DA:67,1
DA:68,1
DA:69,1
DA:70,1
DA:71,1
DA:72,1
DA:73,0
DA:74,0
DA:75,1
DA:76,1
DA:77,1
DA:78,1
DA:79,1
DA:80,1
DA:81,1
DA:82,1
DA:83,0
DA:84,0
DA:85,0
DA:86,0
DA:87,0
DA:88,0
DA:89,0
DA:90,1
DA:91,1
DA:92,1
DA:93,1
DA:94,0
DA:95,0
DA:96,1
DA:97,1
DA:98,0
DA:99,0
DA:100,1
DA:101,1
DA:102,1
DA:103,0
DA:104,0
DA:105,1
DA:106,1
DA:107,1
DA:108,1
DA:109,1
DA:110,1
DA:111,0
DA:112,0
DA:113,1
DA:114,1
DA:115,0
DA:116,0
DA:117,1
DA:118,1
DA:119,1
DA:120,0
DA:121,0
DA:122,1
DA:123,1
DA:124,1
LF:124
LH:95
BRDA:22,0,0,1
BRDA:32,1,0,8
BRDA:32,2,0,8
BRDA:33,3,0,0
BRDA:34,4,0,0
BRDA:39,5,0,0
BRDA:53,6,0,1
BRDA:53,7,0,1
BRDA:54,8,0,0
BRDA:55,9,0,0
BRDA:59,10,0,0
BRDA:69,11,0,1
BRDA:69,12,0,1
BRDA:71,13,0,0
BRDA:72,14,0,0
BRDA:90,15,0,1
BRDA:90,16,0,1
BRDA:92,17,0,0
BRDA:93,18,0,0
BRDA:97,19,0,0
BRDA:102,20,0,0
BRDA:107,21,0,1
BRDA:107,22,0,1
BRDA:109,23,0,0
BRDA:110,24,0,0
BRDA:114,25,0,0
BRDA:119,26,0,0
BRF:27
BRH:11
end_of_record
TN:
SF:src\controllers\SchoolController.ts
FN:18,SchoolController
FN:26,SchoolController.create
FN:42,SchoolController.viewPublic
FN:51,SchoolController.view
FN:60,SchoolController.listAdmin
FN:66,SchoolController.listPublic
FNF:6
FNH:5
FNDA:1,SchoolController
FNDA:34,SchoolController.create
FNDA:1,SchoolController.viewPublic
FNDA:1,SchoolController.view
FNDA:1,SchoolController.listAdmin
FNDA:0,SchoolController.listPublic
DA:1,1
DA:2,1
DA:3,1
DA:4,1
DA:5,1
DA:6,1
DA:7,1
DA:8,1
DA:9,1
DA:10,1
DA:11,1
DA:12,1
DA:13,1
DA:14,1
DA:15,1
DA:16,1
DA:17,1
DA:18,1
DA:19,1
DA:20,1
DA:21,1
DA:22,1
DA:23,1
DA:24,1
DA:25,1
DA:26,1
DA:27,34
DA:28,34
DA:29,34
DA:30,0
DA:31,0
DA:32,34
DA:33,34
DA:34,34
DA:35,34
DA:36,34
DA:37,34
DA:38,33
DA:39,33
DA:40,34
DA:41,1
DA:42,1
DA:43,1
DA:44,1
DA:45,1
DA:46,0
DA:47,0
DA:48,1
DA:49,1
DA:50,1
DA:51,1
DA:52,1
DA:53,1
DA:54,0
DA:55,0
DA:56,1
DA:57,1
DA:58,1
DA:59,1
DA:60,1
DA:61,1
DA:62,1
DA:63,1
DA:64,1
DA:65,1
DA:66,1
DA:67,0
DA:68,0
DA:69,0
DA:70,1
LF:70
LH:61
BRDA:18,0,0,1
BRDA:26,1,0,34
BRDA:26,2,0,34
BRDA:29,3,0,0
BRDA:38,4,0,33
BRDA:42,5,0,1
BRDA:42,6,0,1
BRDA:45,7,0,0
BRDA:51,8,0,1
BRDA:51,9,0,1
BRDA:52,10,0,0
BRDA:53,11,0,0
BRDA:60,12,0,1
BRDA:60,13,0,1
BRF:14
BRH:10
end_of_record
TN:
SF:src\controllers\SessionControllers.ts
FN:13,SessionController
FN:19,SessionController.sessionSchool
FN:32,SessionController.sessionTeacher
FN:45,SessionController.sessionStudent
FNF:4
FNH:4
FNDA:1,SessionController
FNDA:21,SessionController.sessionSchool
FNDA:3,SessionController.sessionTeacher
FNDA:3,SessionController.sessionStudent
DA:1,1
DA:2,1
DA:3,1
DA:4,1
DA:5,1
DA:6,1
DA:7,1
DA:8,1
DA:9,1
DA:10,1
DA:11,1
DA:12,1
DA:13,1
DA:14,1
DA:15,1
DA:16,1
DA:17,1
DA:18,1
DA:19,1
DA:20,21
DA:21,21
DA:22,0
DA:23,0
DA:24,21
DA:25,21
DA:26,21
DA:27,21
DA:28,21
DA:29,21
DA:30,21
DA:31,21
DA:32,1
DA:33,3
DA:34,3
DA:35,0
DA:36,0
DA:37,3
DA:38,3
DA:39,3
DA:40,3
DA:41,3
DA:42,3
DA:43,3
DA:44,3
DA:45,1
DA:46,3
DA:47,3
DA:48,0
DA:49,0
DA:50,3
DA:51,3
DA:52,3
DA:53,3
DA:54,3
DA:55,3
DA:56,3
DA:57,3
DA:58,1
LF:58
LH:52
BRDA:13,0,0,1
BRDA:19,1,0,21
BRDA:19,2,0,21
BRDA:21,3,0,0
BRDA:32,4,0,3
BRDA:32,5,0,3
BRDA:34,6,0,0
BRDA:45,7,0,3
BRDA:45,8,0,3
BRDA:47,9,0,0
BRF:10
BRH:7
end_of_record
TN:
SF:src\controllers\StudentController.ts
FN:24,StudentController
FN:34,StudentController.create
FN:52,StudentController.viewStudentByStudent
FN:61,StudentController.viewStudentBySchool
FN:74,StudentController.viewStudentAndSchool
FN:93,StudentController.listStudent
FN:115,StudentController.update
FNF:7
FNH:6
FNDA:1,StudentController
FNDA:9,StudentController.create
FNDA:1,StudentController.viewStudentByStudent
FNDA:1,StudentController.viewStudentBySchool
FNDA:0,StudentController.viewStudentAndSchool
FNDA:1,StudentController.listStudent
FNDA:1,StudentController.update
DA:1,1
DA:2,1
DA:3,1
DA:4,1
DA:5,1
DA:6,1
DA:7,1
DA:8,1
DA:9,1
DA:10,1
DA:11,1
DA:12,1
DA:13,1
DA:14,1
DA:15,1
DA:16,1
DA:17,1
DA:18,1
DA:19,1
DA:20,1
DA:21,1
DA:22,1
DA:23,1
DA:24,1
DA:25,1
DA:26,1
DA:27,1
DA:28,1
DA:29,1
DA:30,1
DA:31,1
DA:32,1
DA:33,1
DA:34,1
DA:35,9
DA:36,9
DA:37,0
DA:38,0
DA:39,9
DA:40,9
DA:41,0
DA:42,0
DA:43,9
DA:44,9
DA:45,9
DA:46,9
DA:47,9
DA:48,9
DA:49,9
DA:50,9
DA:51,1
DA:52,1
DA:53,1
DA:54,1
DA:55,0
DA:56,0
DA:57,1
DA:58,1
DA:59,1
DA:60,1
DA:61,1
DA:62,1
DA:63,1
DA:64,0
DA:65,0
DA:66,1
DA:67,1
DA:68,0
DA:69,0
DA:70,1
DA:71,1
DA:72,1
DA:73,1
DA:74,1
DA:75,0
DA:76,0
DA:77,0
DA:78,0
DA:79,0
DA:80,0
DA:81,0
DA:82,0
DA:83,0
DA:84,0
DA:85,0
DA:86,0
DA:87,0
DA:88,0
DA:89,0
DA:90,0
DA:91,0
DA:92,1
DA:93,1
DA:94,1
DA:95,1
DA:96,0
DA:97,0
DA:98,1
DA:99,1
DA:100,1
DA:101,1
DA:102,1
DA:103,1
DA:104,1
DA:105,1
DA:106,1
DA:107,1
DA:108,1
DA:109,1
DA:110,1
DA:111,1
DA:112,1
DA:113,1
DA:114,1
DA:115,1
DA:116,1
DA:117,1
DA:118,0
DA:119,0
DA:120,1
DA:121,1
DA:122,1
DA:123,0
DA:124,0
DA:125,1
DA:126,1
DA:127,1
DA:128,1
DA:129,0
DA:130,0
DA:131,1
DA:132,1
DA:133,0
DA:134,0
DA:135,1
DA:136,1
DA:137,1
DA:138,1
DA:139,1
LF:139
LH:102
BRDA:24,0,0,1
BRDA:34,1,0,9
BRDA:34,2,0,9
BRDA:35,3,0,0
BRDA:36,4,0,0
BRDA:40,5,0,0
BRDA:52,6,0,1
BRDA:52,7,0,1
BRDA:53,8,0,0
BRDA:54,9,0,0
BRDA:61,10,0,1
BRDA:61,11,0,1
BRDA:62,12,0,0
BRDA:63,13,0,0
BRDA:67,14,0,0
BRDA:93,15,0,1
BRDA:93,16,0,1
BRDA:94,17,0,0
BRDA:95,18,0,0
BRDA:115,19,0,1
BRDA:115,20,0,1
BRDA:116,21,0,0
BRDA:117,22,0,0
BRDA:122,23,0,0
BRDA:128,24,0,0
BRDA:132,25,0,0
BRF:26
BRH:11
end_of_record
TN:
SF:src\controllers\TeacherController.ts
FN:20,TeacherController
FN:29,TeacherController.create
FN:48,TeacherController.viewTeachertBySchool
FN:61,TeacherController.viewTeachertByTeacher
FN:70,TeacherController.viewTeacherAndSchool
FN:89,TeacherController.list
FN:98,TeacherController.update
FNF:7
FNH:6
FNDA:1,TeacherController
FNDA:9,TeacherController.create
FNDA:1,TeacherController.viewTeachertBySchool
FNDA:1,TeacherController.viewTeachertByTeacher
FNDA:0,TeacherController.viewTeacherAndSchool
FNDA:1,TeacherController.list
FNDA:1,TeacherController.update
DA:1,1
DA:2,1
DA:3,1
DA:4,1
DA:5,1
DA:6,1
DA:7,1
DA:8,1
DA:9,1
DA:10,1
DA:11,1
DA:12,1
DA:13,1
DA:14,1
DA:15,1
DA:16,1
DA:17,1
DA:18,1
DA:19,1
DA:20,1
DA:21,1
DA:22,1
DA:23,1
DA:24,1
DA:25,1
DA:26,1
DA:27,1
DA:28,1
DA:29,1
DA:30,9
DA:31,9
DA:32,0
DA:33,0
DA:34,9
DA:35,9
DA:36,0
DA:37,0
DA:38,9
DA:39,9
DA:40,9
DA:41,9
DA:42,9
DA:43,9
DA:44,9
DA:45,9
DA:46,9
DA:47,1
DA:48,1
DA:49,1
DA:50,1
DA:51,0
DA:52,0
DA:53,1
DA:54,1
DA:55,0
DA:56,0
DA:57,1
DA:58,1
DA:59,1
DA:60,1
DA:61,1
DA:62,1
DA:63,1
DA:64,0
DA:65,0
DA:66,1
DA:67,1
DA:68,1
DA:69,1
DA:70,1
DA:71,0
DA:72,0
DA:73,0
DA:74,0
DA:75,0
DA:76,0
DA:77,0
DA:78,0
DA:79,0
DA:80,0
DA:81,0
DA:82,0
DA:83,0
DA:84,0
DA:85,0
DA:86,0
DA:87,0
DA:88,1
DA:89,1
DA:90,1
DA:91,1
DA:92,0
DA:93,0
DA:94,1
DA:95,1
DA:96,1
DA:97,1
DA:98,1
DA:99,1
DA:100,1
DA:101,0
DA:102,0
DA:103,1
DA:104,1
DA:105,0
DA:106,0
DA:107,1
DA:108,1
DA:109,0
DA:110,0
DA:111,1
DA:112,1
DA:113,1
DA:114,1
LF:114
LH:79
BRDA:20,0,0,1
BRDA:29,1,0,9
BRDA:29,2,0,9
BRDA:30,3,0,0
BRDA:31,4,0,0
BRDA:35,5,0,0
BRDA:48,6,0,1
BRDA:48,7,0,1
BRDA:49,8,0,0
BRDA:50,9,0,0
BRDA:54,10,0,0
BRDA:61,11,0,1
BRDA:61,12,0,1
BRDA:63,13,0,0
BRDA:89,14,0,1
BRDA:89,15,0,1
BRDA:90,16,0,0
BRDA:91,17,0,0
BRDA:98,18,0,1
BRDA:98,19,0,1
BRDA:99,20,0,0
BRDA:100,21,0,0
BRDA:104,22,0,0
BRDA:108,23,0,0
BRF:24
BRH:11
end_of_record
TN:
SF:src\database\index.ts
FNF:0
FNH:0
DA:1,1
DA:2,1
DA:3,1
LF:3
LH:3
BRF:0
BRH:0
end_of_record
TN:
SF:src\helpers\api-erros.ts
FN:4,ApiError
FN:11,BadRequestError
FN:18,NotFoundError
FN:25,UnauthorizedError
FNF:4
FNH:2
FNDA:1,ApiError
FNDA:0,BadRequestError
FNDA:0,NotFoundError
FNDA:1,UnauthorizedError
DA:1,1
DA:2,1
DA:3,1
DA:4,1
DA:5,1
DA:6,1
DA:7,1
DA:8,1
DA:9,1
DA:10,1
DA:11,1
DA:12,0
DA:13,0
DA:14,1
DA:15,1
DA:16,1
DA:17,1
DA:18,1
DA:19,0
DA:20,0
DA:21,1
DA:22,1
DA:23,1
DA:24,1
DA:25,1
DA:26,1
DA:27,1
DA:28,1
LF:28
LH:24
BRDA:4,0,0,1
BRDA:25,1,0,1
BRF:2
BRH:2
end_of_record
TN:
SF:src\middlewares\ensureAdminAuth.ts
FN:5,ensureAdminAuth
FNF:1
FNH:1
FNDA:1,ensureAdminAuth
DA:1,1
DA:2,1
DA:3,1
DA:4,1
DA:5,1
DA:6,1
DA:7,1
DA:8,1
DA:9,0
DA:10,1
DA:11,1
DA:12,1
DA:13,1
DA:14,1
DA:15,0
DA:16,0
DA:17,1
DA:18,0
DA:19,0
DA:20,1
DA:21,1
DA:22,1
LF:22
LH:17
BRDA:5,0,0,1
BRDA:8,1,0,0
BRDA:14,2,0,0
BRDA:17,3,0,0
BRF:4
BRH:1
end_of_record
TN:
SF:src\middlewares\ensureSchoolAuth.ts
FN:16,ensureSchoolAuth
FNF:1
FNH:1
FNDA:35,ensureSchoolAuth
DA:1,1
DA:2,1
DA:3,1
DA:4,1
DA:5,1
DA:6,1
DA:7,1
DA:8,1
DA:9,1
DA:10,1
DA:11,1
DA:12,1
DA:13,1
DA:14,1
DA:15,1
DA:16,1
DA:17,35
DA:18,35
DA:19,35
DA:20,0
DA:21,0
DA:22,35
DA:23,35
DA:24,35
DA:25,35
DA:26,35
DA:27,35
DA:28,35
DA:29,35
DA:30,35
DA:31,35
DA:32,35
DA:33,0
DA:34,0
DA:35,35
DA:36,0
DA:37,0
DA:38,35
DA:39,1
DA:40,1
LF:40
LH:34
BRDA:16,0,0,35
BRDA:16,1,0,35
BRDA:19,2,0,0
BRDA:32,3,0,0
BRDA:35,4,0,0
BRF:5
BRH:2
end_of_record
TN:
SF:src\middlewares\ensureStudentAuth.ts
FN:18,ensureStudentAuth
FNF:1
FNH:1
FNDA:2,ensureStudentAuth
DA:1,1
DA:2,1
DA:3,1
DA:4,1
DA:5,1
DA:6,1
DA:7,1
DA:8,1
DA:9,1
DA:10,1
DA:11,1
DA:12,1
DA:13,1
DA:14,1
DA:15,1
DA:16,1
DA:17,1
DA:18,1
DA:19,2
DA:20,2
DA:21,2
DA:22,0
DA:23,0
DA:24,2
DA:25,2
DA:26,2
DA:27,2
DA:28,2
DA:29,2
DA:30,2
DA:31,2
DA:32,2
DA:33,2
DA:34,2
DA:35,0
DA:36,0
DA:37,2
DA:38,0
DA:39,0
DA:40,2
DA:41,1
DA:42,1
LF:42
LH:36
BRDA:18,0,0,2
BRDA:18,1,0,2
BRDA:21,2,0,0
BRDA:34,3,0,0
BRDA:37,4,0,0
BRF:5
BRH:2
end_of_record
TN:
SF:src\middlewares\ensureTeacherAuth.ts
FN:16,ensureTeachertAuth
FNF:1
FNH:1
FNDA:2,ensureTeachertAuth
DA:1,1
DA:2,1
DA:3,1
DA:4,1
DA:5,1
DA:6,1
DA:7,1
DA:8,1
DA:9,1
DA:10,1
DA:11,1
DA:12,1
DA:13,1
DA:14,1
DA:15,1
DA:16,1
DA:17,2
DA:18,2
DA:19,2
DA:20,2
DA:21,0
DA:22,0
DA:23,2
DA:24,2
DA:25,2
DA:26,2
DA:27,2
DA:28,2
DA:29,2
DA:30,2
DA:31,2
DA:32,2
DA:33,2
DA:34,0
DA:35,0
DA:36,2
DA:37,0
DA:38,0
DA:39,2
DA:40,1
DA:41,1
LF:41
LH:35
BRDA:16,0,0,2
BRDA:16,1,0,2
BRDA:20,2,0,0
BRDA:33,3,0,0
BRDA:36,4,0,0
BRF:5
BRH:2
end_of_record
TN:
SF:src\repositories\school.repository.ts
FN:7,saveSchool
FN:23,findByCep
FN:29,listSchool
FN:43,listSchoolAdmin
FN:59,findByProfile
FN:73,findById
FNF:6
FNH:5
FNDA:33,saveSchool
FNDA:34,findByCep
FNDA:0,listSchool
FNDA:1,listSchoolAdmin
FNDA:1,findByProfile
FNDA:1,findById
DA:1,1
DA:2,1
DA:3,1
DA:4,1
DA:5,1
DA:6,1
DA:7,1
DA:8,33
DA:9,33
DA:10,33
DA:11,33
DA:12,33
DA:13,33
DA:14,33
DA:15,33
DA:16,33
DA:17,33
DA:18,33
DA:19,33
DA:20,33
DA:21,33
DA:22,33
DA:23,1
DA:24,34
DA:25,34
DA:26,34
DA:27,34
DA:28,34
DA:29,1
DA:30,0
DA:31,0
DA:32,0
DA:33,0
DA:34,0
DA:35,0
DA:36,0
DA:37,0
DA:38,0
DA:39,0
DA:40,0
DA:41,0
DA:42,0
DA:43,1
DA:44,1
DA:45,1
DA:46,1
DA:47,1
DA:48,1
DA:49,1
DA:50,1
DA:51,1
DA:52,1
DA:53,1
DA:54,1
DA:55,1
DA:56,1
DA:57,1
DA:58,1
DA:59,1
DA:60,1
DA:61,1
DA:62,1
DA:63,1
DA:64,1
DA:65,1
DA:66,1
DA:67,1
DA:68,1
DA:69,1
DA:70,1
DA:71,1
DA:72,1
DA:73,1
DA:74,1
DA:75,1
DA:76,1
DA:77,1
DA:78,1
DA:79,1
DA:80,1
DA:81,1
DA:82,1
DA:83,1
DA:84,1
DA:85,1
DA:86,1
DA:87,1
DA:88,1
LF:88
LH:75
BRDA:7,0,0,33
BRDA:23,1,0,34
BRDA:43,2,0,1
BRDA:59,3,0,1
BRDA:73,4,0,1
BRF:5
BRH:5
end_of_record
TN:
SF:src\repositories\schoolClass.repository.ts
FN:4,saveSchoolClass
FN:19,findByID
FN:47,findByDisciplineAndYear
FN:70,listSchoolClass
FNF:4
FNH:3
FNDA:8,saveSchoolClass
FNDA:3,findByID
FNDA:1,findByDisciplineAndYear
FNDA:0,listSchoolClass
DA:1,1
DA:2,1
DA:3,1
DA:4,1
DA:5,8
DA:6,8
DA:7,8
DA:8,8
DA:9,8
DA:10,8
DA:11,8
DA:12,8
DA:13,8
DA:14,8
DA:15,8
DA:16,8
DA:17,8
DA:18,1
DA:19,1
DA:20,3
DA:21,0
DA:22,0
DA:23,3
DA:24,3
DA:25,3
DA:26,3
DA:27,3
DA:28,3
DA:29,3
DA:30,3
DA:31,3
DA:32,3
DA:33,3
DA:34,3
DA:35,3
DA:36,3
DA:37,3
DA:38,3
DA:39,3
DA:40,3
DA:41,3
DA:42,3
DA:43,3
DA:44,3
DA:45,3
DA:46,3
DA:47,1
DA:48,1
DA:49,1
DA:50,1
DA:51,1
DA:52,1
DA:53,1
DA:54,1
DA:55,1
DA:56,1
DA:57,1
DA:58,1
DA:59,1
DA:60,1
DA:61,1
DA:62,1
DA:63,1
DA:64,1
DA:65,1
DA:66,1
DA:67,1
DA:68,1
DA:69,1
DA:70,1
DA:71,0
DA:72,0
DA:73,0
DA:74,0
DA:75,0
DA:76,1
LF:76
LH:69
BRDA:4,0,0,8
BRDA:19,1,0,3
BRDA:20,2,0,0
BRDA:47,3,0,1
BRF:4
BRH:3
end_of_record
TN:
SF:src\repositories\session.repository.ts
FN:3,SessionRepository
FN:5,findBySchoolCode
FN:11,findByRegistration
FN:17,findByTeacherCode
FNF:4
FNH:4
FNDA:3,SessionRepository
FNDA:21,findBySchoolCode
FNDA:3,findByRegistration
FNDA:3,findByTeacherCode
DA:1,1
DA:2,1
DA:3,3
DA:4,3
DA:5,3
DA:6,21
DA:7,21
DA:8,21
DA:9,21
DA:10,21
DA:11,3
DA:12,3
DA:13,3
DA:14,3
DA:15,3
DA:16,3
DA:17,3
DA:18,3
DA:19,3
DA:20,3
DA:21,3
DA:22,3
DA:23,3
LF:23
LH:23
BRDA:3,0,0,3
BRDA:5,1,0,21
BRDA:11,2,0,3
BRDA:17,3,0,3
BRF:4
BRH:4
end_of_record
TN:
SF:src\repositories\student.repository.ts
FN:5,saveStudent
FN:19,findById
FN:31,findByRegistration
FN:44,findByName
FN:58,listStudent
FN:70,listStudentClass
FN:84,updateStudante
FNF:7
FNH:6
FNDA:9,saveStudent
FNDA:1,findById
FNDA:2,findByRegistration
FNDA:9,findByName
FNDA:1,listStudent
FNDA:0,listStudentClass
FNDA:1,updateStudante
DA:1,1
DA:2,1
DA:3,1
DA:4,1
DA:5,1
DA:6,9
DA:7,9
DA:8,9
DA:9,9
DA:10,9
DA:11,9
DA:12,9
DA:13,9
DA:14,9
DA:15,9
DA:16,9
DA:17,9
DA:18,1
DA:19,1
DA:20,1
DA:21,1
DA:22,1
DA:23,1
DA:24,1
DA:25,1
DA:26,1
DA:27,1
DA:28,1
DA:29,1
DA:30,1
DA:31,1
DA:32,2
DA:33,2
DA:34,2
DA:35,2
DA:36,2
DA:37,2
DA:38,2
DA:39,2
DA:40,2
DA:41,2
DA:42,2
DA:43,2
DA:44,1
DA:45,9
DA:46,9
DA:47,9
DA:48,9
DA:49,9
DA:50,9
DA:51,9
DA:52,9
DA:53,9
DA:54,9
DA:55,9
DA:56,9
DA:57,1
DA:58,1
DA:59,1
DA:60,1
DA:61,1
DA:62,1
DA:63,1
DA:64,1
DA:65,1
DA:66,1
DA:67,1
DA:68,1
DA:69,1
DA:70,1
DA:71,0
DA:72,0
DA:73,0
DA:74,0
DA:75,0
DA:76,0
DA:77,0
DA:78,0
DA:79,0
DA:80,0
DA:81,0
DA:82,0
DA:83,1
DA:84,1
DA:85,1
DA:86,1
DA:87,1
DA:88,1
DA:89,1
DA:90,1
DA:91,1
DA:92,1
DA:93,1
DA:94,1
DA:95,1
DA:96,1
DA:97,1
DA:98,1
DA:99,1
DA:100,1
DA:101,1
DA:102,1
LF:102
LH:90
BRDA:5,0,0,9
BRDA:19,1,0,1
BRDA:31,2,0,2
BRDA:44,3,0,9
BRDA:58,4,0,1
BRDA:84,5,0,1
BRF:6
BRH:6
end_of_record
TN:
SF:src\repositories\teacher.repository.ts
FN:7,saveTeacher
FN:22,findByTeacherCode
FN:36,findById
FN:50,listTeacher
FN:64,updateTeacher
FNF:5
FNH:5
FNDA:9,saveTeacher
FNDA:11,findByTeacherCode
FNDA:1,findById
FNDA:1,listTeacher
FNDA:1,updateTeacher
DA:1,1
DA:2,1
DA:3,1
DA:4,1
DA:5,1
DA:6,1
DA:7,1
DA:8,9
DA:9,9
DA:10,9
DA:11,9
DA:12,9
DA:13,9
DA:14,9
DA:15,9
DA:16,9
DA:17,9
DA:18,9
DA:19,9
DA:20,9
DA:21,1
DA:22,1
DA:23,11
DA:24,11
DA:25,11
DA:26,11
DA:27,11
DA:28,11
DA:29,11
DA:30,11
DA:31,11
DA:32,11
DA:33,11
DA:34,11
DA:35,1
DA:36,1
DA:37,1
DA:38,1
DA:39,1
DA:40,1
DA:41,1
DA:42,1
DA:43,1
DA:44,1
DA:45,1
DA:46,1
DA:47,1
DA:48,1
DA:49,1
DA:50,1
DA:51,1
DA:52,1
DA:53,1
DA:54,1
DA:55,1
DA:56,1
DA:57,1
DA:58,1
DA:59,1
DA:60,1
DA:61,1
DA:62,1
DA:63,1
DA:64,1
DA:65,1
DA:66,1
DA:67,1
DA:68,1
DA:69,1
DA:70,1
DA:71,1
DA:72,1
DA:73,1
DA:74,1
DA:75,1
DA:76,1
DA:77,1
DA:78,1
DA:79,1
DA:80,1
DA:81,1
DA:82,1
DA:83,1
LF:83
LH:83
BRDA:7,0,0,9
BRDA:22,1,0,11
BRDA:36,2,0,1
BRDA:50,3,0,1
BRDA:64,4,0,1
BRF:5
BRH:5
end_of_record
TN:
SF:src\routes\index.ts
FNF:0
FNH:0
DA:1,1
DA:2,1
DA:3,1
DA:4,1
DA:5,1
DA:6,1
DA:7,1
DA:8,1
DA:9,1
DA:10,1
DA:11,1
DA:12,1
DA:13,1
DA:14,1
DA:15,1
DA:16,1
LF:16
LH:16
BRF:0
BRH:0
end_of_record
TN:
SF:src\routes\school.routes.ts
FNF:0
FNH:0
DA:1,1
DA:2,1
DA:3,1
DA:4,1
DA:5,1
DA:6,1
DA:7,1
DA:8,1
DA:9,1
DA:10,1
DA:11,1
DA:12,1
DA:13,1
DA:14,1
DA:15,1
DA:16,1
LF:16
LH:16
BRF:0
BRH:0
end_of_record
TN:
SF:src\routes\schoolClass.routes.ts
FNF:0
FNH:0
DA:1,1
DA:2,1
DA:3,1
DA:4,1
DA:5,1
DA:6,1
DA:7,1
DA:8,1
DA:9,1
DA:10,1
DA:11,1
DA:12,1
DA:13,1
DA:14,1
DA:15,1
DA:16,1
DA:17,1
DA:18,1
LF:18
LH:18
BRF:0
BRH:0
end_of_record
TN:
SF:src\routes\session.routes.ts
FNF:0
FNH:0
DA:1,1
DA:2,1
DA:3,1
DA:4,1
DA:5,1
DA:6,1
DA:7,1
DA:8,1
DA:9,1
DA:10,1
DA:11,1
DA:12,1
DA:13,1
LF:13
LH:13
BRF:0
BRH:0
end_of_record
TN:
SF:src\routes\student.routes.ts
FNF:0
FNH:0
DA:1,1
DA:2,1
DA:3,1
DA:4,1
DA:5,1
DA:6,1
DA:7,1
DA:8,1
DA:9,1
DA:10,1
DA:11,1
DA:12,1
DA:13,1
DA:14,1
DA:15,1
LF:15
LH:15
BRF:0
BRH:0
end_of_record
TN:
SF:src\routes\teacher.routes.ts
FNF:0
FNH:0
DA:1,1
DA:2,1
DA:3,1
DA:4,1
DA:5,1
DA:6,1
DA:7,1
DA:8,1
DA:9,1
DA:10,1
DA:11,1
DA:12,1
DA:13,1
DA:14,1
DA:15,1
DA:16,1
LF:16
LH:16
BRF:0
BRH:0
end_of_record
TN:
SF:src\schemas\awsCredential.ts
FNF:0
FNH:0
DA:1,1
DA:2,1
DA:3,1
DA:4,1
DA:5,1
DA:6,1
DA:7,1
DA:8,1
DA:9,1
DA:10,1
DA:11,1
LF:11
LH:11
BRF:0
BRH:0
end_of_record
TN:
SF:src\schemas\school.ts
FNF:0
FNH:0
DA:1,1
DA:2,1
DA:3,1
DA:4,1
DA:5,1
DA:6,1
DA:7,1
DA:8,1
DA:9,1
DA:10,1
DA:11,1
DA:12,1
DA:13,1
DA:14,1
DA:15,1
DA:16,1
DA:17,1
DA:18,1
DA:19,1
DA:20,1
DA:21,1
DA:22,1
DA:23,1
DA:24,1
DA:25,1
DA:26,1
DA:27,1
DA:28,1
DA:29,1
DA:30,1
DA:31,1
DA:32,1
DA:33,1
DA:34,1
DA:35,1
DA:36,1
DA:37,1
LF:37
LH:37
BRF:0
BRH:0
end_of_record
TN:
SF:src\schemas\schoolClass.ts
FN:30,Object.<anonymous>.exports.schoolClassCreateSchema.zod_1.z.object.dayOfWeek.zod_1.z.string.refine.message
FN:40,Object.<anonymous>.exports.schoolClassCreateSchema.zod_1.z.object.time.zod_1.z.string.refine.message
FNF:2
FNH:2
FNDA:8,Object.<anonymous>.exports.schoolClassCreateSchema.zod_1.z.object.dayOfWeek.zod_1.z.string.refine.message
FNDA:8,Object.<anonymous>.exports.schoolClassCreateSchema.zod_1.z.object.time.zod_1.z.string.refine.message
DA:1,1
DA:2,1
DA:3,1
DA:4,1
DA:5,1
DA:6,1
DA:7,1
DA:8,1
DA:9,1
DA:10,1
DA:11,1
DA:12,1
DA:13,1
DA:14,1
DA:15,1
DA:16,1
DA:17,1
DA:18,1
DA:19,1
DA:20,1
DA:21,1
DA:22,1
DA:23,1
DA:24,1
DA:25,1
DA:26,1
DA:27,1
DA:28,1
DA:29,1
DA:30,1
DA:31,1
DA:32,1
DA:33,1
DA:34,1
DA:35,1
DA:36,1
DA:37,1
DA:38,1
DA:39,1
DA:40,1
DA:41,1
DA:42,1
DA:43,1
DA:44,1
DA:45,1
DA:46,1
DA:47,1
DA:48,1
DA:49,1
DA:50,1
DA:51,1
DA:52,1
DA:53,1
DA:54,1
DA:55,1
DA:56,1
DA:57,1
DA:58,1
DA:59,1
DA:60,1
DA:61,1
DA:62,1
DA:63,1
DA:64,1
DA:65,1
DA:66,1
DA:67,1
DA:68,1
DA:69,1
DA:70,1
DA:71,1
DA:72,1
DA:73,1
DA:74,1
DA:75,1
DA:76,1
DA:77,1
DA:78,1
DA:79,1
DA:80,1
LF:80
LH:80
BRDA:30,0,0,8
BRDA:40,1,0,8
BRF:2
BRH:2
end_of_record
TN:
SF:src\schemas\session.ts
FNF:0
FNH:0
DA:1,1
DA:2,1
DA:3,1
DA:4,1
DA:5,1
DA:6,1
DA:7,1
DA:8,1
DA:9,1
DA:10,1
DA:11,1
DA:12,1
DA:13,1
DA:14,1
DA:15,1
DA:16,1
DA:17,1
DA:18,1
DA:19,1
DA:20,1
DA:21,1
DA:22,1
DA:23,1
DA:24,1
DA:25,1
DA:26,1
DA:27,1
DA:28,1
DA:29,1
DA:30,1
DA:31,1
DA:32,1
DA:33,1
DA:34,1
DA:35,1
DA:36,1
DA:37,1
DA:38,1
DA:39,1
DA:40,1
DA:41,1
DA:42,1
DA:43,1
DA:44,1
LF:44
LH:44
BRF:0
BRH:0
end_of_record
TN:
SF:src\schemas\student.ts
FNF:0
FNH:0
DA:1,1
DA:2,1
DA:3,1
DA:4,1
DA:5,1
DA:6,1
DA:7,1
DA:8,1
DA:9,1
DA:10,1
DA:11,1
DA:12,1
DA:13,1
DA:14,1
DA:15,1
DA:16,1
DA:17,1
DA:18,1
DA:19,1
DA:20,1
DA:21,1
DA:22,1
DA:23,1
DA:24,1
DA:25,1
DA:26,1
DA:27,1
DA:28,1
DA:29,1
DA:30,1
DA:31,1
DA:32,1
DA:33,1
DA:34,1
DA:35,1
DA:36,1
DA:37,1
DA:38,1
DA:39,1
DA:40,1
DA:41,1
DA:42,1
DA:43,1
DA:44,1
DA:45,1
DA:46,1
DA:47,1
DA:48,1
DA:49,1
LF:49
LH:49
BRF:0
BRH:0
end_of_record
TN:
SF:src\schemas\teacher.ts
FNF:0
FNH:0
DA:1,1
DA:2,1
DA:3,1
DA:4,1
DA:5,1
DA:6,1
DA:7,1
DA:8,1
DA:9,1
DA:10,1
DA:11,1
DA:12,1
DA:13,1
DA:14,1
DA:15,1
DA:16,1
DA:17,1
DA:18,1
DA:19,1
DA:20,1
DA:21,1
DA:22,1
DA:23,1
DA:24,1
DA:25,1
DA:26,1
DA:27,1
DA:28,1
DA:29,1
DA:30,1
DA:31,1
DA:32,1
DA:33,1
DA:34,1
DA:35,1
DA:36,1
DA:37,1
DA:38,1
DA:39,1
DA:40,1
DA:41,1
DA:42,1
DA:43,1
DA:44,1
DA:45,1
DA:46,1
DA:47,1
DA:48,1
LF:48
LH:48
BRF:0
BRH:0
end_of_record
TN:
SF:src\services\FileService\importFile.service.ts
FN:11,execute
FNF:1
FNH:0
FNDA:0,execute
DA:1,1
DA:2,1
DA:3,1
DA:4,1
DA:5,1
DA:6,1
DA:7,1
DA:8,1
DA:9,1
DA:10,1
DA:11,1
DA:12,0
DA:13,0
DA:14,0
DA:15,0
DA:16,0
DA:17,0
DA:18,0
DA:19,0
DA:20,0
DA:21,0
DA:22,0
DA:23,0
DA:24,0
DA:25,0
DA:26,0
DA:27,0
DA:28,0
DA:29,0
DA:30,0
DA:31,0
DA:32,0
DA:33,0
DA:34,0
DA:35,0
DA:36,0
DA:37,0
DA:38,0
DA:39,0
DA:40,0
DA:41,0
DA:42,0
DA:43,0
DA:44,0
DA:45,0
DA:46,0
DA:47,0
DA:48,0
DA:49,0
DA:50,0
DA:51,0
DA:52,0
DA:53,1
LF:53
LH:12
BRF:0
BRH:0
end_of_record
TN:
SF:src\services\SchoolClassService\createSchoolClass.service.ts
FN:7,CreateSchoolClassService
FN:11,execute
FNF:2
FNH:2
FNDA:1,CreateSchoolClassService
FNDA:8,execute
DA:1,1
DA:2,1
DA:3,1
DA:4,1
DA:5,1
DA:6,1
DA:7,1
DA:8,1
DA:9,1
DA:10,1
DA:11,1
DA:12,8
DA:13,8
DA:14,8
DA:15,8
DA:16,8
DA:17,8
DA:18,8
DA:19,8
DA:20,8
DA:21,8
DA:22,8
DA:23,8
DA:24,8
DA:25,8
DA:26,1
DA:27,1
DA:28,1
LF:28
LH:28
BRDA:7,0,0,1
BRDA:11,1,0,8
BRF:2
BRH:2
end_of_record
TN:
SF:src\services\SchoolClassService\exportSchoolClassOfStudent.service.ts
FN:9,ExportSchoolClassOfStudentService
FN:13,execute
FNF:2
FNH:0
FNDA:0,ExportSchoolClassOfStudentService
FNDA:0,execute
DA:1,1
DA:2,1
DA:3,1
DA:4,1
DA:5,1
DA:6,1
DA:7,1
DA:8,1
DA:9,1
DA:10,0
DA:11,0
DA:12,1
DA:13,1
DA:14,0
DA:15,0
DA:16,0
DA:17,0
DA:18,0
DA:19,0
DA:20,0
DA:21,0
DA:22,0
DA:23,0
DA:24,0
DA:25,0
DA:26,0
DA:27,0
DA:28,0
DA:29,0
DA:30,0
DA:31,0
DA:32,0
DA:33,0
DA:34,0
DA:35,0
DA:36,0
DA:37,0
DA:38,0
DA:39,0
DA:40,0
DA:41,0
DA:42,0
DA:43,0
DA:44,0
DA:45,0
DA:46,0
DA:47,0
DA:48,0
DA:49,0
DA:50,0
DA:51,0
DA:52,0
DA:53,0
DA:54,0
DA:55,0
DA:56,0
DA:57,0
DA:58,0
DA:59,0
DA:60,0
DA:61,0
DA:62,0
DA:63,0
DA:64,0
DA:65,0
DA:66,0
DA:67,0
DA:68,1
DA:69,1
DA:70,1
LF:70
LH:14
BRF:0
BRH:0
end_of_record
TN:
SF:src\services\SchoolClassService\exportSchoolClassOfTeacher.service.ts
FN:9,ExportSchoolClassOfTeacherService
FN:13,execute
FNF:2
FNH:0
FNDA:0,ExportSchoolClassOfTeacherService
FNDA:0,execute
DA:1,1
DA:2,1
DA:3,1
DA:4,1
DA:5,1
DA:6,1
DA:7,1
DA:8,1
DA:9,1
DA:10,0
DA:11,0
DA:12,1
DA:13,1
DA:14,0
DA:15,0
DA:16,0
DA:17,0
DA:18,0
DA:19,0
DA:20,0
DA:21,0
DA:22,0
DA:23,0
DA:24,0
DA:25,0
DA:26,0
DA:27,0
DA:28,0
DA:29,0
DA:30,0
DA:31,0
DA:32,0
DA:33,0
DA:34,0
DA:35,0
DA:36,0
DA:37,0
DA:38,0
DA:39,0
DA:40,0
DA:41,0
DA:42,0
DA:43,0
DA:44,0
DA:45,0
DA:46,0
DA:47,0
DA:48,0
DA:49,0
DA:50,0
DA:51,0
DA:52,0
DA:53,0
DA:54,0
DA:55,0
DA:56,0
DA:57,0
DA:58,0
DA:59,0
DA:60,0
DA:61,0
DA:62,0
DA:63,0
DA:64,0
DA:65,0
DA:66,0
DA:67,1
DA:68,1
DA:69,1
LF:69
LH:14
BRF:0
BRH:0
end_of_record
TN:
SF:src\services\SchoolClassService\listSchoolClass.service.ts
FN:6,ListSchoolClassService
FN:10,execute
FNF:2
FNH:1
FNDA:1,ListSchoolClassService
FNDA:0,execute
DA:1,1
DA:2,1
DA:3,1
DA:4,1
DA:5,1
DA:6,1
DA:7,1
DA:8,1
DA:9,1
DA:10,1
DA:11,0
DA:12,0
DA:13,0
DA:14,1
DA:15,1
LF:15
LH:12
BRDA:6,0,0,1
BRF:1
BRH:1
end_of_record
TN:
SF:src\services\SchoolClassService\viewSchoolClass.service.ts
FN:7,ViewSchoolClassService
FN:11,execute
FNF:2
FNH:2
FNDA:1,ViewSchoolClassService
FNDA:1,execute
DA:1,1
DA:2,1
DA:3,1
DA:4,1
DA:5,1
DA:6,1
DA:7,1
DA:8,1
DA:9,1
DA:10,1
DA:11,1
DA:12,1
DA:13,1
DA:14,0
DA:15,0
DA:16,1
DA:17,1
DA:18,1
DA:19,1
DA:20,1
LF:20
LH:18
BRDA:7,0,0,1
BRDA:11,1,0,1
BRDA:13,2,0,0
BRF:3
BRH:2
end_of_record
TN:
SF:src\services\SchoolClassService\viewSchoolClassID.service.ts
FN:7,ViewByIDSchoolClassService
FN:11,execute
FNF:2
FNH:2
FNDA:1,ViewByIDSchoolClassService
FNDA:1,execute
DA:1,1
DA:2,1
DA:3,1
DA:4,1
DA:5,1
DA:6,1
DA:7,1
DA:8,1
DA:9,1
DA:10,1
DA:11,1
DA:12,1
DA:13,1
DA:14,0
DA:15,0
DA:16,1
DA:17,1
DA:18,1
DA:19,1
DA:20,1
DA:21,1
DA:22,1
DA:23,1
DA:24,0
DA:25,0
DA:26,1
DA:27,1
LF:27
LH:23
BRDA:7,0,0,1
BRDA:11,1,0,1
BRDA:13,2,0,0
BRDA:24,3,0,0
BRF:4
BRH:2
end_of_record
TN:
SF:src\services\SchoolService\createSchool.service.ts
FN:9,CreateSchoolService
FN:13,execute
FNF:2
FNH:2
FNDA:1,CreateSchoolService
FNDA:34,execute
DA:1,1
DA:2,1
DA:3,1
DA:4,1
DA:5,1
DA:6,1
DA:7,1
DA:8,1
DA:9,1
DA:10,1
DA:11,1
DA:12,1
DA:13,1
DA:14,34
DA:15,34
DA:16,34
DA:17,34
DA:18,34
DA:19,34
DA:20,34
DA:21,0
DA:22,0
DA:23,0
DA:24,34
DA:25,1
DA:26,1
DA:27,1
DA:28,33
DA:29,33
DA:30,33
DA:31,33
DA:32,33
DA:33,33
DA:34,33
DA:35,33
DA:36,33
DA:37,33
DA:38,33
DA:39,33
DA:40,33
DA:41,33
DA:42,1
DA:43,1
LF:43
LH:40
BRDA:9,0,0,1
BRDA:13,1,0,34
BRDA:20,2,0,0
BRDA:24,3,0,1
BRDA:28,4,0,33
BRF:5
BRH:4
end_of_record
TN:
SF:src\services\SchoolService\listAdminSchool.service.ts
FN:7,ListAdminSchoolService
FN:11,execute
FNF:2
FNH:2
FNDA:1,ListAdminSchoolService
FNDA:1,execute
DA:1,1
DA:2,1
DA:3,1
DA:4,1
DA:5,1
DA:6,1
DA:7,1
DA:8,1
DA:9,1
DA:10,1
DA:11,1
DA:12,1
DA:13,1
DA:14,1
DA:15,1
DA:16,1
DA:17,1
LF:17
LH:17
BRDA:7,0,0,1
BRDA:11,1,0,1
BRF:2
BRH:2
end_of_record
TN:
SF:src\services\SchoolService\listPublicSchool.service.ts
FN:6,ListPublicSchoolService
FN:10,execute
FNF:2
FNH:1
FNDA:1,ListPublicSchoolService
FNDA:0,execute
DA:1,1
DA:2,1
DA:3,1
DA:4,1
DA:5,1
DA:6,1
DA:7,1
DA:8,1
DA:9,1
DA:10,1
DA:11,0
DA:12,0
DA:13,0
DA:14,1
DA:15,1
LF:15
LH:12
BRDA:6,0,0,1
BRF:1
BRH:1
end_of_record
TN:
SF:src\services\SchoolService\viewSchool.service.ts
FN:7,ViewSchoolService
FN:11,execute
FNF:2
FNH:2
FNDA:1,ViewSchoolService
FNDA:1,execute
DA:1,1
DA:2,1
DA:3,1
DA:4,1
DA:5,1
DA:6,1
DA:7,1
DA:8,1
DA:9,1
DA:10,1
DA:11,1
DA:12,1
DA:13,1
DA:14,0
DA:15,0
DA:16,1
DA:17,1
DA:18,1
DA:19,1
DA:20,1
LF:20
LH:18
BRDA:7,0,0,1
BRDA:11,1,0,1
BRDA:13,2,0,0
BRF:3
BRH:2
end_of_record
TN:
SF:src\services\SchoolService\viewSchoolPublic.service.ts
FN:7,ViewSchoolPublicService
FN:11,execute
FNF:2
FNH:2
FNDA:1,ViewSchoolPublicService
FNDA:1,execute
DA:1,1
DA:2,1
DA:3,1
DA:4,1
DA:5,1
DA:6,1
DA:7,1
DA:8,1
DA:9,1
DA:10,1
DA:11,1
DA:12,1
DA:13,1
DA:14,0
DA:15,0
DA:16,1
DA:17,1
DA:18,1
DA:19,1
DA:20,1
LF:20
LH:18
BRDA:7,0,0,1
BRDA:11,1,0,1
BRDA:13,2,0,0
BRF:3
BRH:2
end_of_record
TN:
SF:src\services\SessionService\schoolSession.service.ts
FN:12,SchoolSessionService
FN:15,execute
FNF:2
FNH:2
FNDA:1,SchoolSessionService
FNDA:21,execute
DA:1,1
DA:2,1
DA:3,1
DA:4,1
DA:5,1
DA:6,1
DA:7,1
DA:8,1
DA:9,1
DA:10,1
DA:11,1
DA:12,1
DA:13,1
DA:14,1
DA:15,1
DA:16,21
DA:17,21
DA:18,21
DA:19,0
DA:20,0
DA:21,21
DA:22,21
DA:23,21
DA:24,0
DA:25,0
DA:26,21
DA:27,21
DA:28,21
DA:29,21
DA:30,21
DA:31,21
DA:32,21
DA:33,21
DA:34,21
DA:35,21
DA:36,21
DA:37,21
DA:38,21
DA:39,21
DA:40,1
LF:40
LH:36
BRDA:12,0,0,1
BRDA:15,1,0,21
BRDA:18,2,0,0
BRDA:23,3,0,0
BRF:4
BRH:2
end_of_record
TN:
SF:src\services\SessionService\studentSession.service.ts
FN:12,StudentSessionService
FN:15,execute
FNF:2
FNH:2
FNDA:1,StudentSessionService
FNDA:3,execute
DA:1,1
DA:2,1
DA:3,1
DA:4,1
DA:5,1
DA:6,1
DA:7,1
DA:8,1
DA:9,1
DA:10,1
DA:11,1
DA:12,1
DA:13,1
DA:14,1
DA:15,1
DA:16,3
DA:17,3
DA:18,0
DA:19,0
DA:20,3
DA:21,3
DA:22,3
DA:23,0
DA:24,0
DA:25,3
DA:26,3
DA:27,3
DA:28,3
DA:29,3
DA:30,3
DA:31,3
DA:32,3
DA:33,3
DA:34,3
DA:35,3
DA:36,3
DA:37,3
DA:38,3
DA:39,3
DA:40,1
LF:40
LH:36
BRDA:12,0,0,1
BRDA:15,1,0,3
BRDA:17,2,0,0
BRDA:22,3,0,0
BRF:4
BRH:2
end_of_record
TN:
SF:src\services\SessionService\teacherSession.service.ts
FN:12,TeacherSessionService
FN:15,execute
FNF:2
FNH:2
FNDA:1,TeacherSessionService
FNDA:3,execute
DA:1,1
DA:2,1
DA:3,1
DA:4,1
DA:5,1
DA:6,1
DA:7,1
DA:8,1
DA:9,1
DA:10,1
DA:11,1
DA:12,1
DA:13,1
DA:14,1
DA:15,1
DA:16,3
DA:17,3
DA:18,0
DA:19,0
DA:20,3
DA:21,3
DA:22,3
DA:23,0
DA:24,0
DA:25,3
DA:26,3
DA:27,3
DA:28,3
DA:29,3
DA:30,3
DA:31,3
DA:32,3
DA:33,3
DA:34,3
DA:35,3
DA:36,3
DA:37,3
DA:38,3
DA:39,3
DA:40,3
DA:41,3
DA:42,3
DA:43,3
DA:44,3
DA:45,1
LF:45
LH:41
BRDA:12,0,0,1
BRDA:15,1,0,3
BRDA:17,2,0,0
BRDA:22,3,0,0
BRF:4
BRH:2
end_of_record
TN:
SF:src\services\StudentService\createStudent.service.ts
FN:8,CreateStudentService
FN:12,execute
FNF:2
FNH:2
FNDA:1,CreateStudentService
FNDA:9,execute
DA:1,1
DA:2,1
DA:3,1
DA:4,1
DA:5,1
DA:6,1
DA:7,1
DA:8,1
DA:9,1
DA:10,1
DA:11,1
DA:12,1
DA:13,9
DA:14,9
DA:15,0
DA:16,0
DA:17,9
DA:18,9
DA:19,9
DA:20,1
DA:21,1
DA:22,1
LF:22
LH:20
BRDA:8,0,0,1
BRDA:12,1,0,9
BRDA:14,2,0,0
BRF:3
BRH:2
end_of_record
TN:
SF:src\services\StudentService\listStudent.service.ts
FN:6,ListStudentService
FN:10,execute
FNF:2
FNH:2
FNDA:1,ListStudentService
FNDA:1,execute
DA:1,1
DA:2,1
DA:3,1
DA:4,1
DA:5,1
DA:6,1
DA:7,1
DA:8,1
DA:9,1
DA:10,1
DA:11,1
DA:12,1
DA:13,1
DA:14,1
DA:15,1
LF:15
LH:15
BRDA:6,0,0,1
BRDA:10,1,0,1
BRF:2
BRH:2
end_of_record
TN:
SF:src\services\StudentService\updateStudent.service.ts
FN:9,UpdateStudentService
FN:14,execute
FNF:2
FNH:2
FNDA:1,UpdateStudentService
FNDA:1,execute
DA:1,1
DA:2,1
DA:3,1
DA:4,1
DA:5,1
DA:6,1
DA:7,1
DA:8,1
DA:9,1
DA:10,1
DA:11,1
DA:12,1
DA:13,1
DA:14,1
DA:15,1
DA:16,1
DA:17,0
DA:18,0
DA:19,1
DA:20,0
DA:21,0
DA:22,1
DA:23,1
DA:24,0
DA:25,0
DA:26,1
DA:27,1
DA:28,0
DA:29,0
DA:30,1
DA:31,0
DA:32,0
DA:33,1
DA:34,0
DA:35,0
DA:36,0
DA:37,0
DA:38,0
DA:39,1
DA:40,1
DA:41,0
DA:42,0
DA:43,1
DA:44,1
DA:45,1
DA:46,1
DA:47,1
DA:48,1
DA:49,1
LF:49
LH:32
BRDA:9,0,0,1
BRDA:14,1,0,1
BRDA:16,2,0,0
BRDA:19,3,0,0
BRDA:23,4,0,0
BRDA:27,5,0,0
BRDA:30,6,0,0
BRDA:40,7,0,0
BRF:8
BRH:2
end_of_record
TN:
SF:src\services\StudentService\viewStudentBySchool.service.ts
FN:7,ViewStudentBySchoolService
FN:11,execute
FNF:2
FNH:2
FNDA:1,ViewStudentBySchoolService
FNDA:1,execute
DA:1,1
DA:2,1
DA:3,1
DA:4,1
DA:5,1
DA:6,1
DA:7,1
DA:8,1
DA:9,1
DA:10,1
DA:11,1
DA:12,1
DA:13,1
DA:14,0
DA:15,0
DA:16,1
DA:17,1
DA:18,1
DA:19,1
LF:19
LH:17
BRDA:7,0,0,1
BRDA:11,1,0,1
BRDA:13,2,0,0
BRF:3
BRH:2
end_of_record
TN:
SF:src\services\StudentService\viewStudentByStudent.service.ts
FN:7,ViewStudentByStudentSerivce
FN:11,execute
FNF:2
FNH:2
FNDA:1,ViewStudentByStudentSerivce
FNDA:1,execute
DA:1,1
DA:2,1
DA:3,1
DA:4,1
DA:5,1
DA:6,1
DA:7,1
DA:8,1
DA:9,1
DA:10,1
DA:11,1
DA:12,1
DA:13,1
DA:14,0
DA:15,0
DA:16,1
DA:17,1
DA:18,1
DA:19,1
LF:19
LH:17
BRDA:7,0,0,1
BRDA:11,1,0,1
BRDA:13,2,0,0
BRF:3
BRH:2
end_of_record
TN:
SF:src\services\StudentService\viewStudentSchool.service.ts
FN:7,ViewStudentSchoolService
FN:11,execute
FNF:2
FNH:1
FNDA:1,ViewStudentSchoolService
FNDA:0,execute
DA:1,1
DA:2,1
DA:3,1
DA:4,1
DA:5,1
DA:6,1
DA:7,1
DA:8,1
DA:9,1
DA:10,1
DA:11,1
DA:12,0
DA:13,0
DA:14,0
DA:15,0
DA:16,0
DA:17,0
DA:18,0
DA:19,0
DA:20,0
DA:21,0
DA:22,0
DA:23,0
DA:24,0
DA:25,0
DA:26,0
DA:27,0
DA:28,0
DA:29,1
DA:30,1
DA:31,1
LF:31
LH:14
BRDA:7,0,0,1
BRF:1
BRH:1
end_of_record
TN:
SF:src\services\TeacherService\createTeacher.service.ts
FN:8,CreateTeacherService
FN:12,execute
FNF:2
FNH:2
FNDA:1,CreateTeacherService
FNDA:9,execute
DA:1,1
DA:2,1
DA:3,1
DA:4,1
DA:5,1
DA:6,1
DA:7,1
DA:8,1
DA:9,1
DA:10,1
DA:11,1
DA:12,1
DA:13,9
DA:14,9
DA:15,0
DA:16,0
DA:17,9
DA:18,9
DA:19,9
DA:20,1
DA:21,1
DA:22,1
LF:22
LH:20
BRDA:8,0,0,1
BRDA:12,1,0,9
BRDA:14,2,0,0
BRF:3
BRH:2
end_of_record
TN:
SF:src\services\TeacherService\listTeacher.service.ts
FN:6,ListTeacherService
FN:10,execute
FNF:2
FNH:2
FNDA:1,ListTeacherService
FNDA:1,execute
DA:1,1
DA:2,1
DA:3,1
DA:4,1
DA:5,1
DA:6,1
DA:7,1
DA:8,1
DA:9,1
DA:10,1
DA:11,1
DA:12,1
DA:13,1
DA:14,1
DA:15,1
LF:15
LH:15
BRDA:6,0,0,1
BRDA:10,1,0,1
BRF:2
BRH:2
end_of_record
TN:
SF:src\services\TeacherService\updateTeacherservice.ts
FN:9,UpdateTeacherService
FN:14,execute
FNF:2
FNH:2
FNDA:1,UpdateTeacherService
FNDA:1,execute
DA:1,1
DA:2,1
DA:3,1
DA:4,1
DA:5,1
DA:6,1
DA:7,1
DA:8,1
DA:9,1
DA:10,1
DA:11,1
DA:12,1
DA:13,1
DA:14,1
DA:15,1
DA:16,1
DA:17,0
DA:18,0
DA:19,1
DA:20,0
DA:21,0
DA:22,1
DA:23,1
DA:24,0
DA:25,0
DA:26,1
DA:27,1
DA:28,0
DA:29,0
DA:30,1
DA:31,0
DA:32,0
DA:33,0
DA:34,0
DA:35,0
DA:36,1
DA:37,1
DA:38,0
DA:39,0
DA:40,1
DA:41,1
DA:42,1
DA:43,1
DA:44,1
DA:45,1
DA:46,1
LF:46
LH:31
BRDA:9,0,0,1
BRDA:14,1,0,1
BRDA:16,2,0,0
BRDA:19,3,0,0
BRDA:23,4,0,0
BRDA:27,5,0,0
BRDA:37,6,0,0
BRF:7
BRH:2
end_of_record
TN:
SF:src\services\TeacherService\viewTeacherBySchool.service.ts
FN:7,ViewTeacherBySchoolService
FN:11,execute
FNF:2
FNH:2
FNDA:1,ViewTeacherBySchoolService
FNDA:1,execute
DA:1,1
DA:2,1
DA:3,1
DA:4,1
DA:5,1
DA:6,1
DA:7,1
DA:8,1
DA:9,1
DA:10,1
DA:11,1
DA:12,1
DA:13,1
DA:14,1
DA:15,0
DA:16,0
DA:17,1
DA:18,1
DA:19,1
DA:20,1
LF:20
LH:18
BRDA:7,0,0,1
BRDA:11,1,0,1
BRDA:14,2,0,0
BRF:3
BRH:2
end_of_record
TN:
SF:src\services\TeacherService\viewTeacherByTeacher.service.ts
FN:7,ViewTeacherByTeacherService
FN:11,execute
FNF:2
FNH:2
FNDA:1,ViewTeacherByTeacherService
FNDA:1,execute
DA:1,1
DA:2,1
DA:3,1
DA:4,1
DA:5,1
DA:6,1
DA:7,1
DA:8,1
DA:9,1
DA:10,1
DA:11,1
DA:12,1
DA:13,1
DA:14,1
DA:15,0
DA:16,0
DA:17,1
DA:18,1
DA:19,1
DA:20,1
LF:20
LH:18
BRDA:7,0,0,1
BRDA:11,1,0,1
BRDA:14,2,0,0
BRF:3
BRH:2
end_of_record
TN:
SF:src\services\TeacherService\viewTeacherSchool.service copy.ts
FN:7,ViewTeacherSchoolService
FN:11,execute
FNF:2
FNH:1
FNDA:1,ViewTeacherSchoolService
FNDA:0,execute
DA:1,1
DA:2,1
DA:3,1
DA:4,1
DA:5,1
DA:6,1
DA:7,1
DA:8,1
DA:9,1
DA:10,1
DA:11,1
DA:12,0
DA:13,0
DA:14,0
DA:15,0
DA:16,0
DA:17,0
DA:18,0
DA:19,0
DA:20,0
DA:21,0
DA:22,0
DA:23,0
DA:24,0
DA:25,0
DA:26,0
DA:27,0
DA:28,1
DA:29,1
DA:30,1
LF:30
LH:14
BRDA:7,0,0,1
BRF:1
BRH:1
end_of_record
TN:
SF:src\utils\S3Storage.ts
FN:12,S3Storage
FN:23,saveFile
FN:55,saveFileBuffer
FNF:3
FNH:0
FNDA:0,S3Storage
FNDA:0,saveFile
FNDA:0,saveFileBuffer
DA:1,1
DA:2,1
DA:3,1
DA:4,1
DA:5,1
DA:6,1
DA:7,1
DA:8,1
DA:9,1
DA:10,1
DA:11,1
DA:12,1
DA:13,0
DA:14,0
DA:15,0
DA:16,0
DA:17,0
DA:18,0
DA:19,0
DA:20,0
DA:21,0
DA:22,1
DA:23,1
DA:24,0
DA:25,0
DA:26,0
DA:27,0
DA:28,0
DA:29,0
DA:30,0
DA:31,0
DA:32,0
DA:33,0
DA:34,0
DA:35,0
DA:36,0
DA:37,0
DA:38,0
DA:39,0
DA:40,0
DA:41,0
DA:42,0
DA:43,0
DA:44,0
DA:45,0
DA:46,0
DA:47,0
DA:48,0
DA:49,0
DA:50,0
DA:51,0
DA:52,0
DA:53,0
DA:54,0
DA:55,1
DA:56,0
DA:57,0
DA:58,0
DA:59,0
DA:60,0
DA:61,0
DA:62,0
DA:63,0
DA:64,0
DA:65,0
DA:66,0
DA:67,0
DA:68,0
DA:69,0
DA:70,0
DA:71,0
DA:72,0
DA:73,0
DA:74,0
DA:75,0
DA:76,0
DA:77,0
DA:78,0
DA:79,0
DA:80,0
DA:81,0
DA:82,1
DA:83,1
DA:84,1
LF:84
LH:18
BRF:0
BRH:0
end_of_record
TN:
SF:src\utils\generateCep.ts
FN:3,getRandomLogradouro
FN:7,getRandomEstado
FN:12,getRandomCep
FNF:3
FNH:3
FNDA:34,getRandomLogradouro
FNDA:34,getRandomEstado
FNDA:34,getRandomCep
DA:1,1
DA:2,1
DA:3,34
DA:4,34
DA:5,34
DA:6,34
DA:7,34
DA:8,34
DA:9,34
DA:10,34
DA:11,1
DA:12,34
DA:13,34
DA:14,34
DA:15,34
DA:16,34
DA:17,34
DA:18,34
DA:19,34
DA:20,34
DA:21,34
DA:22,8
DA:23,34
DA:24,6
DA:25,26
DA:26,7
DA:27,20
DA:28,5
DA:29,13
DA:30,8
DA:31,8
DA:32,34
DA:33,34
DA:34,34
DA:35,34
DA:36,34
DA:37,34
DA:38,34
DA:39,0
DA:40,0
DA:41,0
DA:42,0
DA:43,0
DA:44,0
DA:45,34
LF:45
LH:39
BRDA:3,0,0,34
BRDA:7,1,0,34
BRDA:12,2,0,34
BRDA:21,3,0,8
BRDA:23,4,0,26
BRDA:23,5,0,6
BRDA:25,6,0,20
BRDA:25,7,0,7
BRDA:27,8,0,13
BRDA:27,9,0,5
BRDA:29,10,0,8
BRDA:39,11,0,0
BRF:12
BRH:11
end_of_record
